<?xml version="1.0" encoding="UTF-8"?>
<robot generator="Robot 5.0.1 (Python 3.9.10 on win32)" generated="20220607 23:38:29.635" rpa="false" schemaversion="3">
<suite id="s1" name="Test Object Methods" source="G:\repo_projects\bootcamp_rf\test_cases\test_object_methods.robot">
<test id="s1-t1" name="Test search for the maximum and minimum value of a row" line="9">
<kw name="Evaluate" library="BuiltIn">
<var>${row_max}</var>
<arg>max(@{ROW})</arg>
<doc>Evaluates the given expression in Python and returns the result.</doc>
<msg timestamp="20220607 23:38:29.831" level="INFO">${row_max} = 10</msg>
<status status="PASS" starttime="20220607 23:38:29.830" endtime="20220607 23:38:29.831"/>
</kw>
<kw name="Evaluate" library="BuiltIn">
<var>${row_min}</var>
<arg>min(@{ROW})</arg>
<doc>Evaluates the given expression in Python and returns the result.</doc>
<msg timestamp="20220607 23:38:29.832" level="INFO">${row_min} = -1</msg>
<status status="PASS" starttime="20220607 23:38:29.831" endtime="20220607 23:38:29.832"/>
</kw>
<kw name="Log" library="BuiltIn">
<arg>Maximum value of a row is "${row_max}" and minimum value of a row is "${row_min}".</arg>
<doc>Logs the given message with the given level.</doc>
<msg timestamp="20220607 23:38:29.832" level="INFO">Maximum value of a row is "10" and minimum value of a row is "-1".</msg>
<status status="PASS" starttime="20220607 23:38:29.832" endtime="20220607 23:38:29.832"/>
</kw>
<doc>Тест на поиск минимального и максимального значения</doc>
<tag>max</tag>
<tag>min</tag>
<tag>python_function</tag>
<status status="PASS" starttime="20220607 23:38:29.829" endtime="20220607 23:38:29.833"/>
</test>
<test id="s1-t2" name="Test for displaying unique values of a row" line="17">
<kw name="Evaluate" library="BuiltIn">
<var>${unique_values}</var>
<arg>list(set(@{ROW}))</arg>
<doc>Evaluates the given expression in Python and returns the result.</doc>
<msg timestamp="20220607 23:38:29.835" level="INFO">${unique_values} = [0, 1, 2, 3, 5, 10, -1]</msg>
<status status="PASS" starttime="20220607 23:38:29.835" endtime="20220607 23:38:29.835"/>
</kw>
<kw name="Log" library="BuiltIn">
<arg>Unique value(s) of a row: ${unique_values}.</arg>
<doc>Logs the given message with the given level.</doc>
<msg timestamp="20220607 23:38:29.836" level="INFO">Unique value(s) of a row: [0, 1, 2, 3, 5, 10, -1].</msg>
<status status="PASS" starttime="20220607 23:38:29.836" endtime="20220607 23:38:29.836"/>
</kw>
<doc>Тест по выводу только уникальных значений ряда</doc>
<tag>python_function</tag>
<tag>set</tag>
<status status="PASS" starttime="20220607 23:38:29.834" endtime="20220607 23:38:29.836"/>
</test>
<test id="s1-t3" name="Test for search the sum of all values" line="24">
<kw name="Evaluate" library="BuiltIn">
<var>${row_int}</var>
<arg>list(map(int, @{ROW}))</arg>
<doc>Evaluates the given expression in Python and returns the result.</doc>
<msg timestamp="20220607 23:38:29.839" level="INFO">${row_int} = [1, 2, 3, 5, 1, 0, -1, 10]</msg>
<status status="PASS" starttime="20220607 23:38:29.838" endtime="20220607 23:38:29.839"/>
</kw>
<kw name="Evaluate" library="BuiltIn">
<var>${row_sum}</var>
<arg>sum(@{row_int})</arg>
<doc>Evaluates the given expression in Python and returns the result.</doc>
<msg timestamp="20220607 23:38:29.839" level="INFO">${row_sum} = 21</msg>
<status status="PASS" starttime="20220607 23:38:29.839" endtime="20220607 23:38:29.839"/>
</kw>
<kw name="Log" library="BuiltIn">
<arg>Sum of all values is "${row_sum}".</arg>
<doc>Logs the given message with the given level.</doc>
<msg timestamp="20220607 23:38:29.840" level="INFO">Sum of all values is "21".</msg>
<status status="PASS" starttime="20220607 23:38:29.840" endtime="20220607 23:38:29.840"/>
</kw>
<doc>Тест по поиску суммы всех значений</doc>
<tag>python_function</tag>
<tag>sum</tag>
<status status="PASS" starttime="20220607 23:38:29.838" endtime="20220607 23:38:29.840"/>
</test>
<doc>Первая часть домашнего задания по Robot Framework #1</doc>
<status status="PASS" starttime="20220607 23:38:29.636" endtime="20220607 23:38:29.841"/>
</suite>
<statistics>
<total>
<stat pass="3" fail="0" skip="0">All Tests</stat>
</total>
<tag>
<stat pass="1" fail="0" skip="0">max</stat>
<stat pass="1" fail="0" skip="0">min</stat>
<stat pass="3" fail="0" skip="0">python_function</stat>
<stat pass="1" fail="0" skip="0">set</stat>
<stat pass="1" fail="0" skip="0">sum</stat>
</tag>
<suite>
<stat pass="3" fail="0" skip="0" id="s1" name="Test Object Methods">Test Object Methods</stat>
</suite>
</statistics>
<errors>
</errors>
</robot>
