<?xml version="1.0" encoding="UTF-8"?>
<robot generator="Robot 5.0.1 (Python 3.9.10 on win32)" generated="20220620 18:08:17.166" rpa="false" schemaversion="3">
<suite id="s1" name="RF3" source="G:\repo_projects\bootcamp_rf\RF3">
<suite id="s1-s1" name="Tests" source="G:\repo_projects\bootcamp_rf\RF3\Tests">
<suite id="s1-s1-s1" name="TC001 API Requests" source="G:\repo_projects\bootcamp_rf\RF3\Tests\TC001_API_Requests.robot">
<kw name="Test Setup" library="Connection" type="SETUP">
<doc>Создание сессии PostgRest и подключение к PostgreSQL.</doc>
<msg timestamp="20220620 18:08:17.391" level="TRACE">Arguments: [  ]</msg>
<kw name="Create Session" library="Req">
<arg>alias</arg>
<arg>${proxy_URI}</arg>
<doc>Create Session: create a HTTP session to a server</doc>
<msg timestamp="20220620 18:08:17.391" level="TRACE">Arguments: [ 'alias' | 'http://localhost:3000' ]</msg>
<msg timestamp="20220620 18:08:17.391" level="INFO">Creating Session using : alias=alias, url=http://localhost:3000, headers={},                     cookies={}, auth=None, timeout=None, proxies=None, verify=False,                     debug=0 </msg>
<msg timestamp="20220620 18:08:17.391" level="DEBUG">Creating session: alias</msg>
<msg timestamp="20220620 18:08:17.391" level="TRACE">Return: &lt;requests.sessions.Session object at 0x000001E36B9BE820&gt;</msg>
<status status="PASS" starttime="20220620 18:08:17.391" endtime="20220620 18:08:17.391"/>
</kw>
<kw name="Connect To Postgresql" library="DB">
<arg>${db}</arg>
<arg>${db_user}</arg>
<arg>${db_password}</arg>
<arg>${server}</arg>
<arg>${db_port}</arg>
<doc>Connection to Postgres DB.</doc>
<msg timestamp="20220620 18:08:17.392" level="TRACE">Arguments: [ 'postgres' | 'app_user' | 'password' | 'localhost' | '5432' ]</msg>
<msg timestamp="20220620 18:08:17.392" level="DEBUG">Connecting using : dbhost=localhost, dbport=5432, dbname=postgres, dbusername=app_user, dbpassword=password, alias=None</msg>
<msg timestamp="20220620 18:08:17.467" level="TRACE">Return: 1</msg>
<status status="PASS" starttime="20220620 18:08:17.391" endtime="20220620 18:08:17.468"/>
</kw>
<msg timestamp="20220620 18:08:17.468" level="TRACE">Return: None</msg>
<status status="PASS" starttime="20220620 18:08:17.390" endtime="20220620 18:08:17.468"/>
</kw>
<test id="s1-s1-s1-t1" name="Check finding data from tables" line="13">
<kw name="Search Data from Categories и Inventory" library="GET_POST_Requests">
<arg>${table_1}</arg>
<arg>${params_1}</arg>
<arg>${table_2}</arg>
<arg>${params_2}</arg>
<doc>Поиск по таблицам Categories и Inventory через REST запрос.</doc>
<msg timestamp="20220620 18:08:17.469" level="TRACE">Arguments: [ ${table_1}='categories' | ${params_1}='select=category,categoryname' | ${table_2}='inventory' | ${params_2}='select=sales,quan_in_stock' ]</msg>
<kw name="Get Data From Rest" library="gCat">
<var>${resp_1}</var>
<arg>alias</arg>
<arg>/${table_1}?</arg>
<arg>params=${params_1}</arg>
<arg>expected_status=200</arg>
<msg timestamp="20220620 18:08:17.469" level="TRACE">Arguments: [ 'alias' | '/categories?' | params='select=category,categoryname' | expected_status='200' ]</msg>
<msg timestamp="20220620 18:08:17.469" level="DEBUG">Test timeout 2 seconds active. 1.998 seconds left.</msg>
<msg timestamp="20220620 18:08:17.474" level="DEBUG">Starting new HTTP connection (1): localhost:3000</msg>
<msg timestamp="20220620 18:08:17.488" level="DEBUG">http://localhost:3000 "GET /categories?select=category,categoryname HTTP/1.1" 200 None</msg>
<msg timestamp="20220620 18:08:17.488" level="INFO">GET Request : url=http://localhost:3000/categories?select=category,categoryname 
 path_url=/categories?select=category,categoryname 
 headers={'User-Agent': 'python-requests/2.26.0', 'Accept-Encoding': 'gzip, deflate', 'Accept': '*/*', 'Connection': 'keep-alive'} 
 body=None 
 </msg>
<msg timestamp="20220620 18:08:17.488" level="INFO">GET Response : url=http://localhost:3000/categories?select=category,categoryname 
 status=200, reason=OK 
 headers={'Transfer-Encoding': 'chunked', 'Date': 'Mon, 20 Jun 2022 15:08:17 GMT', 'Server': 'postgrest/9.0.0', 'Content-Range': '0-15/*', 'Content-Location': '/categories?select=category%2Ccategoryname', 'Content-Type': 'application/json; charset=utf-8'} 
 body=[{"category":1,"categoryname":"Action"}, 
 {"category":2,"categoryname":"Animation"}, 
 {"category":3,"categoryname":"Children"}, 
 {"category":4,"categoryname":"Classics"}, 
 {"category":5,"categoryname":"Comedy"}, 
 {"category":6,"categoryname":"Documentary"}, 
 {"category":7,"categoryname":"Drama"}, 
 {"category":8,"categoryname":"Family"}, 
 {"category":9,"categoryname":"Foreign"}, 
 {"category":10,"categoryname":"Games"}, 
 {"category":11,"categoryname":"Horror"}, 
 {"category":12,"categoryname":"Music"}, 
 {"category":13,"categoryname":"New"}, 
 {"category":14,"categoryname":"Sci-Fi"}, 
 {"category":15,"categoryname":"Sports"}, 
 {"category":16,"categoryname":"Travel"}] 
 </msg>
<msg timestamp="20220620 18:08:17.488" level="TRACE">Return: [{'category': 1, 'categoryname': 'Action'},
 {'category': 2, 'categoryname': 'Animation'},
 {'category': 3, 'categoryname': 'Children'},
 {'category': 4, 'categoryname': 'Classics'},
 {'category': 5, 'categoryname': 'Comedy'},
 {'category': 6, 'categoryname': 'Documentary'},
 {'category': 7, 'categoryname': 'Drama'},
 {'category': 8, 'categoryname': 'Family'},
 {'category': 9, 'categoryname': 'Foreign'},
 {'category': 10, 'categoryname': 'Games'},
 {'category': 11, 'categoryname': 'Horror'},
 {'category': 12, 'categoryname': 'Music'},
 {'category': 13, 'categoryname': 'New'},
 {'category': 14, 'categoryname': 'Sci-Fi'},
 {'category': 15, 'categoryname': 'Sports'},
 {'category': 16, 'categoryname': 'Travel'}]</msg>
<msg timestamp="20220620 18:08:17.488" level="INFO">${resp_1} = [{'category': 1, 'categoryname': 'Action'}, {'category': 2, 'categoryname': 'Animation'}, {'category': 3, 'categoryname': 'Children'}, {'category': 4, 'categoryname': 'Classics'}, {'category': 5, 'cat...</msg>
<status status="PASS" starttime="20220620 18:08:17.469" endtime="20220620 18:08:17.488"/>
</kw>
<kw name="Get Data From Rest" library="gCat">
<var>${resp_2}</var>
<arg>alias</arg>
<arg>/${table_2}?</arg>
<arg>params=${params_2}</arg>
<arg>expected_status=200</arg>
<msg timestamp="20220620 18:08:17.489" level="TRACE">Arguments: [ 'alias' | '/inventory?' | params='select=sales,quan_in_stock' | expected_status='200' ]</msg>
<msg timestamp="20220620 18:08:17.489" level="DEBUG">Test timeout 2 seconds active. 1.979 seconds left.</msg>
<msg timestamp="20220620 18:08:17.513" level="DEBUG">http://localhost:3000 "GET /inventory?select=sales,quan_in_stock HTTP/1.1" 200 None</msg>
<msg timestamp="20220620 18:08:17.519" level="INFO">GET Request : url=http://localhost:3000/inventory?select=sales,quan_in_stock 
 path_url=/inventory?select=sales,quan_in_stock 
 headers={'User-Agent': 'python-requests/2.26.0', 'Accept-Encoding': 'gzip, deflate', 'Accept': '*/*', 'Connection': 'keep-alive'} 
 body=None 
 </msg>
<msg timestamp="20220620 18:08:17.519" level="INFO">GET Response : url=http://localhost:3000/inventory?select=sales,quan_in_stock 
 status=200, reason=OK 
 headers={'Transfer-Encoding': 'chunked', 'Date': 'Mon, 20 Jun 2022 15:08:17 GMT', 'Server': 'postgrest/9.0.0', 'Content-Range': '0-9999/*', 'Content-Location': '/inventory?select=sales%2Cquan_in_stock', 'Content-Type': 'application/json; charset=utf-8'} 
 body=[{"sales":9,"quan_in_stock":138}, 
 {"sales":19,"quan_in_stock":118}, 
 {"sales":11,"quan_in_stock":228}, 
 {"sales":12,"quan_in_stock":279}, 
 {"sales":13,"quan_in_stock":382}, 
 {"sales":14,"quan_in_stock":109}, 
 {"sales":10,"quan_in_stock":90}, 
 {"sales":6,"quan_in_stock":357}, 
 {"sales":27,"quan_in_stock":215}, 
 {"sales":16,"quan_in_stock":105}, 
 {"sales":5,"quan_in_stock":80}, 
 {"sales":13,"quan_in_stock":22}, 
 {"sales":11,"quan_in_stock":64}, 
 {"sales":14,"quan_in_stock":136}, 
 {"sales":9,"quan_in_stock":343}, 
 {"sales":8,"quan_in_stock":481}, 
 {"sales":13,"quan_in_stock":114}, 
 {"sales":9,"quan_in_stock":189}, 
 {"sales":7,"quan_in_stock":389}, 
 {"sales":9,"quan_in_stock":131}, 
 {"sales":10,"quan_in_stock":443}, 
 {"sales":6,"quan_in_stock":172}, 
 {"sales":10,"quan_in_stock":122}, 
 {"sales":17,"quan_in_stock":18}, 
 {"sales":15,"quan_in_stock":461}, 
 {"sales":23,"quan_in_stock":210}, 
 {"sales":13,"quan_in_stock":270}, 
 {"sales":37,"quan_in_stock":410}, 
 {"sales":23,"quan_in_stock":438}, 
 {"sales":5,"quan_in_stock":150}, 
 {"sales":21,"quan_in_stock":158}, 
 {"sales":6,"quan_in_stock":75}, 
 {"sales":18,"quan_in_stock":268}, 
 {"sales":8,"quan_in_stock":386}, 
 {"sales":17,"quan_in_stock":355}, 
 {"sales":16,"quan_in_stock":149}, 
 {"sales":14,"quan_in_stock":496}, 
 {"sales":7,"quan_in_stock":445}, 
 {"sales":14,"quan_in_stock":6}, 
 {"sales":11,"quan_in_stock":211}, 
 {"sales":6,"quan_in_stock":50}, 
 {"sales":16,"quan_in_stock":86}, 
 {"sales":13,"quan_in_stock":233}, 
 {"sales":8,"quan_in_stock":115}, 
 {"sales":7,"quan_in_stock":222}, 
 {"sales":15,"quan_in_stock":75}, 
 {"sales":17,"quan_in_stock":95}, 
 {"sales":13,"quan_in_stock":336}, 
 {"sales":12,"quan_in_stock":265}, 
 {"sales":16,"quan_in_stock":484}, 
 {"sales":15,"quan_in_stock":467}, 
 {"sales":28,"quan_in_stock":207}, 
 {"sales":11,"quan_in_stock":156}, 
 {"sales":11,"quan_in_stock":89}, 
 {"sales":16,"quan_in_stock":226}, 
 {"sales":9,"quan_in_stock":116}, 
 {"sales":13,"quan_in_stock":300}, 
 {"sales":7,"quan_in_stock":496}, 
 {"sales":17,"quan_in_stock":25}, 
 {"sales":11,"quan_in_stock":237}, 
 {"sales":6,"quan_in_stock":145}, 
 {"sales":9,"quan_in_stock":183}, 
 {"sales":13,"quan_in_stock":313}, 
 {"sales":8,"quan_in_stock":413}, 
 {"sales":11,"quan_in_stock":69}, 
 {"sales":20,"quan_in_stock":167}, 
 {"sales":10,"quan_in_stock":62}, 
 {"sales":3,"quan_in_stock":65}, 
 {"sales":10,"quan_in_stock":112}, 
 {"sales":6,"quan_in_stock":68}, 
 {"sales":16,"quan_in_stock":276}, 
 {"sales":8,"quan_in_stock":162}, 
 {"sales":7,"quan_in_stock":154}, 
 {"sales":8,"quan_in_stock":8}, 
 {"sales":9,"quan_in_stock":277}, 
 {"sales":9,"quan_in_stock":376}, 
 {"sales":20,"quan_in_stock":84}, 
 {"sales":3,"quan_in_stock":372}, 
 {"sales":18,"quan_in_stock":212}, 
 {"sales":15,"quan_in_stock":349}, 
 {"sales":7,"quan_in_stock":356}, 
 {"sales":17,"quan_in_stock":178}, 
 {"sales":13,"quan_in_stock":56}, 
 {"sales":9,"quan_in_stock":11}, 
 {"sales":16,"quan_in_stock":268}, 
 {"sales":28,"quan_in_stock":282}, 
 {"sales":18,"quan_in_stock":128}, 
 {"sales":16,"quan_in_stock":67}, 
 {"sales":15,"quan_in_stock":277}, 
 {"sales":6,"quan_in_stock":153}, 
 {"sales":18,"quan_in_stock":304}, 
 {"sales":16,"quan_in_stock":423}, 
 {"sales":6,"quan_in_stock":337}, 
 {"sales":9,"quan_in_stock":116}, 
 {"sales":10,"quan_in_stock":336}, 
 {"sales":24,"quan_in_stock":407}, 
 {"sales":9,"quan_in_stock":283}, 
 {"sales":10,"quan_in_stock":398}, 
 {"sales":3,"quan_in_stock":472}, 
 {"sales":4,"quan_in_stock":395}, 
 {"sales":8,"quan_in_stock":466}, 
 {"sales":6,"quan_in_stock":247}, 
 {"sales":9,"quan_in_stock":57}, 
 {"sales":11,"quan_in_stock":120}, 
 {"sales":15,"quan_in_stock":255}, 
 {"sales":19,"quan_in_stock":334}, 
 {"sales":20,"quan_in_stock":496}, 
 {"sales":10,"quan_in_stock":340}, 
 {"sales":6,"quan_in_stock":206}, 
 {"sales":4,"quan_in_stock":208}, 
 {"sales":11,"quan_in_stock":188}, 
 {"sales":13,"quan_in_stock":61}, 
 {"sales":7,"quan_in_stock":386}, 
 {"sales":13,"quan_in_stock":244}, 
 {"sales":6,"quan_in_stock":73}, 
 {"sales":12,"quan_in_stock":154}, 
 {"sales":14,"quan_in_stock":26}, 
 {"sales":12,"quan_in_stock":201}, 
 {"sales":1,"quan_in_stock":221}, 
 {"sales":7,"quan_in_stock":303}, 
 {"sales":18,"quan_in_stock":355}, 
 {"sales":6,"quan_in_stock":24}, 
 {"sales":3,"quan_in_stock":226}, 
 {"sales":15,"quan_in_stock":192}, 
 {"sales":12,"quan_in_stock":141}, 
 {"sales":14,"quan_in_stock":61}, 
 {"sales":9,"quan_in_stock":98}, 
 {"sales":11,"quan_in_stock":425}, 
 {"sales":12,"quan_in_stock":460}, 
 {"sales":15,"quan_in_stock":69}, 
 {"sales":13,"quan_in_stock":319}, 
 {"sales":15,"quan_in_stock":426}, 
 {"sales":13,"quan_in_stock":316}, 
 {"sales":22,"quan_in_stock":377}, 
 {"sales":7,"quan_in_stock":45}, 
 {"sales":11,"quan_in_stock":71}, 
 {"sales":8,"quan_in_stock":210}, 
 {"sales":14,"quan_in_stock":41}, 
 {"sales":4,"quan_in_stock":411}, 
 {"sales":4,"quan_in_stock":416}, 
 {"sales":3,"quan_in_stock":249}, 
 {"sales":10,"quan_in_stock":99}, 
 {"sales":4,"quan_in_stock":478}, 
 {"sales":12,"quan_in_stock":135}, 
 {"sales":10,"quan_in_stock":344}, 
 {"sales":8,"quan_in_stock":50}, 
 {"sales":18,"quan_in_stock":289}, 
 {"sales":9,"quan_in_stock":370}, 
 {"sales":8,"quan_in_stock":252}, 
 {"sales":16,"quan_in_stock":9}, 
 {"sales":7,"quan_in_stock":173}, 
 {"sales":8,"quan_in_stock":106}, 
 {"sales":7,"quan_in_stock":34}, 
 {"sales":7,"quan_in_stock":399}, 
 {"sales":20,"quan_in_stock":298}, 
 {"sales":7,"quan_in_stock":175}, 
 {"sales":12,"quan_in_stock":461}, 
 {"sales":6,"quan_in_stock":396}, 
 {"sales":16,"quan_in_stock":99}, 
 {"sales":10,"quan_in_stock":420}, 
 {"sales":9,"quan_in_stock":466}, 
 {"sales":9,"quan_in_stock":419}, 
 {"sales":20,"quan_in_stock":346}, 
 {"sales":7,"quan_in_stock":281}, 
 {"sales":16,"quan_in_stock":296}, 
 {"sales":7,"quan_in_stock":391}, 
 {"sales":11,"quan_in_stock":353}, 
 {"sales":2,"quan_in_stock":5}, 
 {"sales":14,"quan_in_stock":432}, 
 {"sales":8,"quan_in_stock":264}, 
 {"sales":9,"quan_in_stock":422}, 
 {"sales":10,"quan_in_stock":181}, 
 {"sales":7,"quan_in_stock":363}, 
 {"sales":11,"quan_in_stock":399}, 
 {"sales":17,"quan_in_stock":316}, 
 {"sales":17,"quan_in_stock":206}, 
 {"sales":2,"quan_in_stock":450}, 
 {"sales":10,"quan_in_stock":105}, 
 {"sales":14,"quan_in_stock":76}, 
 {"sales":16,"quan_in_stock":201}, 
 {"sales":9,"quan_in_stock":115}, 
 {"sales":10,"quan_in_stock":249}, 
 {"sales":5,"quan_in_stock":308}, 
 {"sales":14,"quan_in_stock":150}, 
 {"sales":17,"quan_in_stock":148}, 
 {"sales":9,"quan_in_stock":106}, 
 {"sales":11,"quan_in_stock":325}, 
 {"sales":21,"quan_in_stock":108}, 
 {"sales":9,"quan_in_stock":2}, 
 {"sales":5,"quan_in_stock":425}, 
 {"sales":13,"quan_in_stock":28}, 
 {"sales":4,"quan_in_stock":468}, 
 {"sales":11,"quan_in_stock":344}, 
 {"sales":16,"quan_in_stock":374}, 
 {"sales":21,"quan_in_stock":249}, 
 {"sales":15,"quan_in_stock":139}, 
 {"sales":9,"quan_in_stock":265}, 
 {"sales":12,"quan_in_stock":102}, 
 {"sales":12,"quan_in_stock":145}, 
 {"sales":15,"quan_in_stock":197}, 
 {"sales":5,"quan_in_stock":366}, 
 {"sales":22,"quan_in_stock":66}, 
 {"sales":11,"quan_in_stock":378}, 
 {"sales":14,"quan_in_stock":228}, 
 {"sales":13,"quan_in_stock":466}, 
 {"sales":17,"quan_in_stock":194}, 
 {"sales":11,"quan_in_stock":435}, 
 {"sales":18,"quan_in_stock":415}, 
 {"sales":10,"quan_in_stock":299}, 
 {"sales":7,"quan_in_stock":10}, 
 {"sales":13,"quan_in_stock":116}, 
 {"sales":5,"quan_in_stock":415}, 
 {"sales":12,"quan_in_stock":259}, 
 {"sales":13,"quan_in_stock":425}, 
 {"sales":13,"quan_in_stock":64}, 
 {"sales":13,"quan_in_stock":407}, 
 {"sales":9,"quan_in_stock":30}, 
 {"sales":14,"quan_in_stock":390}, 
 {"sales":10,"quan_in_stock":15}, 
 {"sales":6,"quan_in_stock":32}, 
 {"sales":28,"quan_in_stock":314}, 
 {"sales":23,"quan_in_stock":44}, 
 {"sales":14,"quan_in_stock":0}, 
 {"sales":15,"quan_in_stock":158}, 
 {"sales":13,"quan_in_stock":418}, 
 {"sales":14,"quan_in_stock":249}, 
 {"sales":14,"quan_in_stock":298}, 
 {"sales":15,"quan_in_stock":182}, 
 {"sales":16,"quan_in_stock":351}, 
 {"sales":11,"quan_in_stock":443}, 
 {"sales":7,"quan_in_stock":380}, 
 {"sales":12,"quan_in_stock":216}, 
 {"sales":11,"quan_in_stock":9}, 
 {"sales":13,"quan_in_stock":257}, 
 {"sales":7,"quan_in_stock":445}, 
 {"sales":9,"quan_in_stock":476}, 
 {"sales":7,"quan_in_stock":452}, 
 {"sales":13,"quan_in_stock":379}, 
 {"sales":11,"quan_in_stock":391}, 
 {"sales":11,"quan_in_stock":250}, 
 {"sales":11,"quan_in_stock":390}, 
 {"sales":11,"quan_in_stock":6}, 
 {"sales":16,"quan_in_stock":165}, 
 {"sales":12,"quan_in_stock":149}, 
 {"sales":15,"quan_in_stock":431}, 
 {"sales":6,"quan_in_stock":229}, 
 {"sales":3,"quan_in_stock":56}, 
 {"sales":12,"quan_in_stock":462}, 
 {"sales":7,"quan_in_stock":118}, 
 {"sales":21,"quan_in_stock":71}, 
 {"sales":2,"quan_in_stock":494}, 
 {"sales":32,"quan_in_stock":433}, 
 {"sales":8,"quan_in_stock":115}, 
 {"sales":6,"quan_in_stock":494}, 
 {"sales":27,"quan_in_stock":90}, 
 {"sales":4,"quan_in_stock":33}, 
 {"sales":11,"quan_in_stock":243}, 
 {"sales":3,"quan_in_stock":389}, 
 {"sales":15,"quan_in_stock":216}, 
 {"sales":19,"quan_in_stock":94}, 
 {"sales":4,"quan_in_stock":331}, 
 {"sales":11,"quan_in_stock":95}, 
 {"sales":5,"quan_in_stock":311}, 
 {"sales":14,"quan_in_stock":341}, 
 {"sales":6,"quan_in_stock":352}, 
 {"sales":5,"quan_in_stock":255}, 
 {"sales":18,"quan_in_stock":316}, 
 {"sales":19,"quan_in_stock":304}, 
 {"sales":8,"quan_in_stock":134}, 
 {"sales":9,"quan_in_stock":206}, 
 {"sales":8,"quan_in_stock":53}, 
 {"sales":9,"quan_in_stock":23}, 
 {"sales":15,"quan_in_stock":212}, 
 {"sales":6,"quan_in_stock":219}, 
 {"sales":15,"quan_in_stock":172}, 
 {"sales":8,"quan_in_stock":143}, 
 {"sales":12,"quan_in_stock":448}, 
 {"sales":9,"quan_in_stock":228}, 
 {"sales":15,"quan_in_stock":104}, 
 {"sales":24,"quan_in_stock":65}, 
 {"sales":12,"quan_in_stock":300}, 
 {"sales":2,"quan_in_stock":98}, 
 {"sales":18,"quan_in_stock":499}, 
 {"sales":13,"quan_in_stock":416}, 
 {"sales":14,"quan_in_stock":92}, 
 {"sales":15,"quan_in_stock":88}, 
 {"sales":8,"quan_in_stock":449}, 
 {"sales":16,"quan_in_stock":335}, 
 {"sales":14,"quan_in_stock":477}, 
 {"sales":4,"quan_in_stock":165}, 
 {"sales":9,"quan_in_stock":430}, 
 {"sales":16,"quan_in_stock":308}, 
 {"sales":8,"quan_in_stock":260}, 
 {"sales":10,"quan_in_stock":240}, 
 {"sales":11,"quan_in_stock":148}, 
 {"sales":22,"quan_in_stock":112}, 
 {"sales":5,"quan_in_stock":495}, 
 {"sales":21,"quan_in_stock":465}, 
 {"sales":18,"quan_in_stock":416}, 
 {"sales":24,"quan_in_stock":129}, 
 {"sales":11,"quan_in_stock":170}, 
 {"sales":10,"quan_in_stock":470}, 
 {"sales":18,"quan_in_stock":153}, 
 {"sales":7,"quan_in_stock":383}, 
 {"sales":13,"quan_in_stock":188}, 
 {"sales":28,"quan_in_stock":325}, 
 {"sales":17,"quan_in_stock":26}, 
 {"sales":16,"quan_in_stock":135}, 
 {"sales":15,"quan_in_stock":53}, 
 {"sales":5,"quan_in_stock":131}, 
 {"sales":7,"quan_in_stock":201}, 
 {"sales":10,"quan_in_stock":354}, 
 {"sales":13,"quan_in_stock":229}, 
 {"sales":12,"quan_in_stock":199}, 
 {"sales":4,"quan_in_stock":269}, 
 {"sales":20,"quan_in_stock":321}, 
 {"sales":20,"quan_in_stock":288}, 
 {"sales":8,"quan_in_stock":218}, 
 {"sales":11,"quan_in_stock":156}, 
 {"sales":10,"quan_in_stock":265}, 
 {"sales":20,"quan_in_stock":383}, 
 {"sales":22,"quan_in_stock":86}, 
 {"sales":12,"quan_in_stock":73}, 
 {"sales":15,"quan_in_stock":143}, 
 {"sales":16,"quan_in_stock":326}, 
 {"sales":8,"quan_in_stock":222}, 
 {"sales":3,"quan_in_stock":255}, 
 {"sales":12,"quan_in_stock":321}, 
 {"sales":18,"quan_in_stock":186}, 
 {"sales":9,"quan_in_stock":171}, 
 {"sales":4,"quan_in_stock":450}, 
 {"sales":18,"quan_in_stock":357}, 
 {"sales":12,"quan_in_stock":140}, 
 {"sales":7,"quan_in_stock":102}, 
 {"sales":17,"quan_in_stock":239}, 
 {"sales":14,"quan_in_stock":329}, 
 {"sales":18,"quan_in_stock":428}, 
 {"sales":21,"quan_in_stock":265}, 
 {"sales":13,"quan_in_stock":465}, 
 {"sales":10,"quan_in_stock":482}, 
 {"sales":6,"quan_in_stock":396}, 
 {"sales":22,"quan_in_stock":165}, 
 {"sales":7,"quan_in_stock":336}, 
 {"sales":8,"quan_in_stock":125}, 
 {"sales":11,"quan_in_stock":365}, 
 {"sales":17,"quan_in_stock":105}, 
 {"sales":6,"quan_in_stock":447}, 
 {"sales":6,"quan_in_stock":153}, 
 {"sales":8,"quan_in_stock":323}, 
 {"sales":15,"quan_in_stock":103}, 
 {"sales":10,"quan_in_stock":419}, 
 {"sales":13,"quan_in_stock":206}, 
 {"sales":17,"quan_in_stock":189}, 
 {"sales":8,"quan_in_stock":493}, 
 {"sales":13,"quan_in_stock":349}, 
 {"sales":32,"quan_in_stock":14}, 
 {"sales":8,"quan_in_stock":214}, 
 {"sales":15,"quan_in_stock":104}, 
 {"sales":15,"quan_in_stock":336}, 
 {"sales":17,"quan_in_stock":401}, 
 {"sales":20,"quan_in_stock":275}, 
 {"sales":15,"quan_in_stock":286}, 
 {"sales":11,"quan_in_stock":257}, 
 {"sales":8,"quan_in_stock":416}, 
 {"sales":14,"quan_in_stock":388}, 
 {"sales":12,"quan_in_stock":497}, 
 {"sales":16,"quan_in_stock":244}, 
 {"sales":13,"quan_in_stock":316}, 
 {"sales":15,"quan_in_stock":261}, 
 {"sales":4,"quan_in_stock":208}, 
 {"sales":11,"quan_in_stock":298}, 
 {"sales":19,"quan_in_stock":157}, 
 {"sales":12,"quan_in_stock":374}, 
 {"sales":16,"quan_in_stock":133}, 
 {"sales":5,"quan_in_stock":282}, 
 {"sales":15,"quan_in_stock":239}, 
 {"sales":25,"quan_in_stock":238}, 
 {"sales":12,"quan_in_stock":229}, 
 {"sales":13,"quan_in_stock":393}, 
 {"sales":16,"quan_in_stock":61}, 
 {"sales":15,"quan_in_stock":332}, 
 {"sales":17,"quan_in_stock":312}, 
 {"sales":8,"quan_in_stock":268}, 
 {"sales":14,"quan_in_stock":20}, 
 {"sales":10,"quan_in_stock":304}, 
 {"sales":8,"quan_in_stock":117}, 
 {"sales":9,"quan_in_stock":35}, 
 {"sales":10,"quan_in_stock":18}, 
 {"sales":24,"quan_in_stock":221}, 
 {"sales":14,"quan_in_stock":372}, 
 {"sales":9,"quan_in_stock":419}, 
 {"sales":19,"quan_in_stock":497}, 
 {"sales":15,"quan_in_stock":157}, 
 {"sales":8,"quan_in_stock":175}, 
 {"sales":16,"quan_in_stock":413}, 
 {"sales":17,"quan_in_stock":45}, 
 {"sales":13,"quan_in_stock":171}, 
 {"sales":20,"quan_in_stock":157}, 
 {"sales":15,"quan_in_stock":361}, 
 {"sales":10,"quan_in_stock":433}, 
 {"sales":9,"quan_in_stock":365}, 
 {"sales":8,"quan_in_stock":159}, 
 {"sales":19,"quan_in_stock":90}, 
 {"sales":18,"quan_in_stock":239}, 
 {"sales":22,"quan_in_stock":292}, 
 {"sales":21,"quan_in_stock":373}, 
 {"sales":21,"quan_in_stock":479}, 
 {"sales":11,"quan_in_stock":30}, 
 {"sales":10,"quan_in_stock":101}, 
 {"sales":6,"quan_in_stock":371}, 
 {"sales":15,"quan_in_stock":92}, 
 {"sales":22,"quan_in_stock":433}, 
 {"sales":22,"quan_in_stock":182}, 
 {"sales":11,"quan_in_stock":360}, 
 {"sales":20,"quan_in_stock":454}, 
 {"sales":9,"quan_in_stock":486}, 
 {"sales":4,"quan_in_stock":477}, 
 {"sales":3,"quan_in_stock":490}, 
 {"sales":14,"quan_in_stock":3}, 
 {"sales":12,"quan_in_stock":198}, 
 {"sales":10,"quan_in_stock":361}, 
 {"sales":10,"quan_in_stock":423}, 
 {"sales":14,"quan_in_stock":195}, 
 {"sales":8,"quan_in_stock":17}, 
 {"sales":11,"quan_in_stock":98}, 
 {"sales":9,"quan_in_stock":108}, 
 {"sales":10,"quan_in_stock":62}, 
 {"sales":0,"quan_in_stock":270}, 
 {"sales":11,"quan_in_stock":265}, 
 {"sales":11,"quan_in_stock":424}, 
 {"sales":9,"quan_in_stock":203}, 
 {"sales":18,"quan_in_stock":130}, 
 {"sales":7,"quan_in_stock":82}, 
 {"sales":17,"quan_in_stock":293}, 
 {"sales":16,"quan_in_stock":369}, 
 {"sales":13,"quan_in_stock":375}, 
 {"sales":25,"quan_in_stock":165}, 
 {"sales":8,"quan_in_stock":348}, 
 {"sales":14,"quan_in_stock":406}, 
 {"sales":16,"quan_in_stock":267}, 
 {"sales":11,"quan_in_stock":218}, 
 {"sales":12,"quan_in_stock":498}, 
 {"sales":16,"quan_in_stock":199}, 
 {"sales":10,"quan_in_stock":401}, 
 {"sales":16,"quan_in_stock":358}, 
 {"sales":13,"quan_in_stock":153}, 
 {"sales":6,"quan_in_stock":386}, 
 {"sales":3,"quan_in_stock":335}, 
 {"sales":7,"quan_in_stock":143}, 
 {"sales":16,"quan_in_stock":390}, 
 {"sales":10,"quan_in_stock":33}, 
 {"sales":10,"quan_in_stock":3}, 
 {"sales":7,"quan_in_stock":313}, 
 {"sales":1,"quan_in_stock":228}, 
 {"sales":8,"quan_in_stock":21}, 
 {"sales":9,"quan_in_stock":411}, 
 {"sales":10,"quan_in_stock":336}, 
 {"sales":10,"quan_in_stock":83}, 
 {"sales":8,"quan_in_stock":180}, 
 {"sales":33,"quan_in_stock":101}, 
 {"sales":10,"quan_in_stock":7}, 
 {"sales":8,"quan_in_stock":383}, 
 {"sales":21,"quan_in_stock":231}, 
 {"sales":9,"quan_in_stock":90}, 
 {"sales":10,"quan_in_stock":176}, 
 {"sales":9,"quan_in_stock":100}, 
 {"sales":11,"quan_in_stock":466}, 
 {"sales":7,"quan_in_stock":341}, 
 {"sales":7,"quan_in_stock":448}, 
 {"sales":11,"quan_in_stock":371}, 
 {"sales":12,"quan_in_stock":107}, 
 {"sales":14,"quan_in_stock":165}, 
 {"sales":13,"quan_in_stock":369}, 
 {"sales":6,"quan_in_stock":307}, 
 {"sales":7,"quan_in_stock":65}, 
 {"sales":9,"quan_in_stock":226}, 
 {"sales":22,"quan_in_stock":461}, 
 {"sales":9,"quan_in_stock":452}, 
 {"sales":2,"quan_in_stock":60}, 
 {"sales":10,"quan_in_stock":103}, 
 {"sales":14,"quan_in_stock":342}, 
 {"sales":7,"quan_in_stock":94}, 
 {"sales":15,"quan_in_stock":106}, 
 {"sales":20,"quan_in_stock":154}, 
 {"sales":23,"quan_in_stock":322}, 
 {"sales":11,"quan_in_stock":128}, 
 {"sales":12,"quan_in_stock":64}, 
 {"sales":15,"quan_in_stock":158}, 
 {"sales":15,"quan_in_stock":212}, 
 {"sales":11,"quan_in_stock":245}, 
 {"sales":14,"quan_in_stock":259}, 
 {"sales":12,"quan_in_stock":219}, 
 {"sales":13,"quan_in_stock":128}, 
 {"sales":10,"quan_in_stock":490}, 
 {"sales":6,"quan_in_stock":309}, 
 {"sales":6,"quan_in_stock":304}, 
 {"sales":21,"quan_in_stock":89}, 
 {"sales":10,"quan_in_stock":274}, 
 {"sales":19,"quan_in_stock":144}, 
 {"sales":11,"quan_in_stock":37}, 
 {"sales":8,"quan_in_stock":145}, 
 {"sales":10,"quan_in_stock":252}, 
 {"sales":16,"quan_in_stock":202}, 
 {"sales":14,"quan_in_stock":13}, 
 {"sales":12,"quan_in_stock":59}, 
 {"sales":4,"quan_in_stock":268}, 
 {"sales":17,"quan_in_stock":240}, 
 {"sales":8,"quan_in_stock":19}, 
 {"sales":10,"quan_in_stock":220}, 
 {"sales":9,"quan_in_stock":301}, 
 {"sales":17,"quan_in_stock":122}, 
 {"sales":9,"quan_in_stock":61}, 
 {"sales":5,"quan_in_stock":395}, 
 {"sales":7,"quan_in_stock":229}, 
 {"sales":13,"quan_in_stock":215}, 
 {"sales":15,"quan_in_stock":216}, 
 {"sales":17,"quan_in_stock":357}, 
 {"sales":11,"quan_in_stock":280}, 
 {"sales":14,"quan_in_stock":375}, 
 {"sales":7,"quan_in_stock":68}, 
 {"sales":12,"quan_in_stock":24}, 
 {"sales":20,"quan_in_stock":134}, 
 {"sales":7,"quan_in_stock":288}, 
 {"sales":12,"quan_in_stock":152}, 
 {"sales":16,"quan_in_stock":123}, 
 {"sales":25,"quan_in_stock":97}, 
 {"sales":3,"quan_in_stock":456}, 
 {"sales":16,"quan_in_stock":213}, 
 {"sales":11,"quan_in_stock":372}, 
 {"sales":13,"quan_in_stock":100}, 
 {"sales":11,"quan_in_stock":250}, 
 {"sales":17,"quan_in_stock":16}, 
 {"sales":2,"quan_in_stock":353}, 
 {"sales":12,"quan_in_stock":453}, 
 {"sales":11,"quan_in_stock":30}, 
 {"sales":19,"quan_in_stock":412}, 
 {"sales":9,"quan_in_stock":220}, 
 {"sales":5,"quan_in_stock":270}, 
 {"sales":12,"quan_in_stock":431}, 
 {"sales":10,"quan_in_stock":440}, 
 {"sales":5,"quan_in_stock":70}, 
 {"sales":20,"quan_in_stock":53}, 
 {"sales":15,"quan_in_stock":1}, 
 {"sales":13,"quan_in_stock":466}, 
 {"sales":12,"quan_in_stock":282}, 
 {"sales":19,"quan_in_stock":216}, 
 {"sales":11,"quan_in_stock":182}, 
 {"sales":14,"quan_in_stock":139}, 
 {"sales":19,"quan_in_stock":496}, 
 {"sales":10,"quan_in_stock":56}, 
 {"sales":7,"quan_in_stock":208}, 
 {"sales":21,"quan_in_stock":20}, 
 {"sales":14,"quan_in_stock":190}, 
 {"sales":13,"quan_in_stock":496}, 
 {"sales":10,"quan_in_stock":173}, 
 {"sales":19,"quan_in_stock":314}, 
 {"sales":13,"quan_in_stock":92}, 
 {"sales":14,"quan_in_stock":128}, 
 {"sales":14,"quan_in_stock":26}, 
 {"sales":2,"quan_in_stock":464}, 
 {"sales":16,"quan_in_stock":229}, 
 {"sales":11,"quan_in_stock":277}, 
 {"sales":14,"quan_in_stock":481}, 
 {"sales":14,"quan_in_stock":81}, 
 {"sales":6,"quan_in_stock":230}, 
 {"sales":13,"quan_in_stock":10}, 
 {"sales":15,"quan_in_stock":493}, 
 {"sales":13,"quan_in_stock":450}, 
 {"sales":18,"quan_in_stock":280}, 
 {"sales":21,"quan_in_stock":424}, 
 {"sales":6,"quan_in_stock":390}, 
 {"sales":5,"quan_in_stock":351}, 
 {"sales":15,"quan_in_stock":478}, 
 {"sales":12,"quan_in_stock":391}, 
 {"sales":8,"quan_in_stock":316}, 
 {"sales":9,"quan_in_stock":260}, 
 {"sales":16,"quan_in_stock":107}, 
 {"sales":14,"quan_in_stock":498}, 
 {"sales":7,"quan_in_stock":399}, 
 {"sales":25,"quan_in_stock":103}, 
 {"sales":10,"quan_in_stock":54}, 
 {"sales":11,"quan_in_stock":107}, 
 {"sales":7,"quan_in_stock":124}, 
 {"sales":6,"quan_in_stock":244}, 
 {"sales":19,"quan_in_stock":102}, 
 {"sales":1,"quan_in_stock":297}, 
 {"sales":15,"quan_in_stock":57}, 
 {"sales":10,"quan_in_stock":195}, 
 {"sales":13,"quan_in_stock":426}, 
 {"sales":14,"quan_in_stock":84}, 
 {"sales":18,"quan_in_stock":159}, 
 {"sales":14,"quan_in_stock":154}, 
 {"sales":9,"quan_in_stock":362}, 
 {"sales":10,"quan_in_stock":139}, 
 {"sales":15,"quan_in_stock":236}, 
 {"sales":17,"quan_in_stock":91}, 
 {"sales":13,"quan_in_stock":150}, 
 {"sales":10,"quan_in_stock":229}, 
 {"sales":10,"quan_in_stock":41}, 
 {"sales":6,"quan_in_stock":431}, 
 {"sales":11,"quan_in_stock":152}, 
 {"sales":7,"quan_in_stock":432}, 
 {"sales":4,"quan_in_stock":281}, 
 {"sales":14,"quan_in_stock":129}, 
 {"sales":5,"quan_in_stock":323}, 
 {"sales":11,"quan_in_stock":97}, 
 {"sales":11,"quan_in_stock":389}, 
 {"sales":14,"quan_in_stock":430}, 
 {"sales":25,"quan_in_stock":95}, 
 {"sales":20,"quan_in_stock":288}, 
 {"sales":12,"quan_in_stock":33}, 
 {"sales":21,"quan_in_stock":149}, 
 {"sales":8,"quan_in_stock":395}, 
 {"sales":10,"quan_in_stock":157}, 
 {"sales":8,"quan_in_stock":394}, 
 {"sales":13,"quan_in_stock":498}, 
 {"sales":14,"quan_in_stock":455}, 
 {"sales":15,"quan_in_stock":452}, 
 {"sales":14,"quan_in_stock":192}, 
 {"sales":11,"quan_in_stock":380}, 
 {"sales":8,"quan_in_stock":36}, 
 {"sales":10,"quan_in_stock":352}, 
 {"sales":16,"quan_in_stock":34}, 
 {"sales":23,"quan_in_stock":398}, 
 {"sales":9,"quan_in_stock":492}, 
 {"sales":15,"quan_in_stock":270}, 
 {"sales":8,"quan_in_stock":490}, 
 {"sales":9,"quan_in_stock":141}, 
 {"sales":17,"quan_in_stock":499}, 
 {"sales":10,"quan_in_stock":30}, 
 {"sales":14,"quan_in_stock":71}, 
 {"sales":16,"quan_in_stock":151}, 
 {"sales":16,"quan_in_stock":462}, 
 {"sales":10,"quan_in_stock":353}, 
 {"sales":8,"quan_in_stock":281}, 
 {"sales":25,"quan_in_stock":284}, 
 {"sales":12,"quan_in_stock":451}, 
 {"sales":4,"quan_in_stock":169}, 
 {"sales":13,"quan_in_stock":214}, 
 {"sales":16,"quan_in_stock":45}, 
 {"sales":10,"quan_in_stock":458}, 
 {"sales":14,"quan_in_stock":248}, 
 {"sales":5,"quan_in_stock":195}, 
 {"sales":12,"quan_in_stock":353}, 
 {"sales":11,"quan_in_stock":406}, 
 {"sales":12,"quan_in_stock":88}, 
 {"sales":5,"quan_in_stock":350}, 
 {"sales":20,"quan_in_stock":360}, 
 {"sales":9,"quan_in_stock":39}, 
 {"sales":13,"quan_in_stock":42}, 
 {"sales":19,"quan_in_stock":240}, 
 {"sales":14,"quan_in_stock":75}, 
 {"sales":9,"quan_in_stock":394}, 
 {"sales":20,"quan_in_stock":274}, 
 {"sales":10,"quan_in_stock":474}, 
 {"sales":7,"quan_in_stock":385}, 
 {"sales":8,"quan_in_stock":43}, 
 {"sales":9,"quan_in_stock":463}, 
 {"sales":19,"quan_in_stock":26}, 
 {"sales":15,"quan_in_stock":41}, 
 {"sales":24,"quan_in_stock":494}, 
 {"sales":9,"quan_in_stock":97}, 
 {"sales":10,"quan_in_stock":193}, 
 {"sales":18,"quan_in_stock":456}, 
 {"sales":11,"quan_in_stock":451}, 
 {"sales":13,"quan_in_stock":474}, 
 {"sales":12,"quan_in_stock":240}, 
 {"sales":15,"quan_in_stock":401}, 
 {"sales":17,"quan_in_stock":143}, 
 {"sales":17,"quan_in_stock":454}, 
 {"sales":6,"quan_in_stock":446}, 
 {"sales":10,"quan_in_stock":100}, 
 {"sales":22,"quan_in_stock":202}, 
 {"sales":14,"quan_in_stock":140}, 
 {"sales":12,"quan_in_stock":453}, 
 {"sales":16,"quan_in_stock":107}, 
 {"sales":17,"quan_in_stock":229}, 
 {"sales":5,"quan_in_stock":303}, 
 {"sales":11,"quan_in_stock":468}, 
 {"sales":15,"quan_in_stock":269}, 
 {"sales":17,"quan_in_stock":346}, 
 {"sales":14,"quan_in_stock":207}, 
 {"sales":13,"quan_in_stock":344}, 
 {"sales":12,"quan_in_stock":239}, 
 {"sales":7,"quan_in_stock":481}, 
 {"sales":3,"quan_in_stock":318}, 
 {"sales":4,"quan_in_stock":124}, 
 {"sales":15,"quan_in_stock":24}, 
 {"sales":2,"quan_in_stock":281}, 
 {"sales":14,"quan_in_stock":150}, 
 {"sales":12,"quan_in_stock":66}, 
 {"sales":21,"quan_in_stock":274}, 
 {"sales":8,"quan_in_stock":248}, 
 {"sales":8,"quan_in_stock":259}, 
 {"sales":9,"quan_in_stock":229}, 
 {"sales":12,"quan_in_stock":198}, 
 {"sales":13,"quan_in_stock":232}, 
 {"sales":12,"quan_in_stock":469}, 
 {"sales":12,"quan_in_stock":98}, 
 {"sales":9,"quan_in_stock":375}, 
 {"sales":7,"quan_in_stock":423}, 
 {"sales":8,"quan_in_stock":44}, 
 {"sales":7,"quan_in_stock":476}, 
 {"sales":22,"quan_in_stock":125}, 
 {"sales":2,"quan_in_stock":185}, 
 {"sales":13,"quan_in_stock":429}, 
 {"sales":12,"quan_in_stock":233}, 
 {"sales":7,"quan_in_stock":414}, 
 {"sales":5,"quan_in_stock":231}, 
 {"sales":19,"quan_in_stock":200}, 
 {"sales":23,"quan_in_stock":182}, 
 {"sales":10,"quan_in_stock":76}, 
 {"sales":8,"quan_in_stock":408}, 
 {"sales":19,"quan_in_stock":26}, 
 {"sales":12,"quan_in_stock":316}, 
 {"sales":9,"quan_in_stock":389}, 
 {"sales":8,"quan_in_stock":345}, 
 {"sales":14,"quan_in_stock":441}, 
 {"sales":13,"quan_in_stock":413}, 
 {"sales":5,"quan_in_stock":125}, 
 {"sales":12,"quan_in_stock":91}, 
 {"sales":22,"quan_in_stock":479}, 
 {"sales":11,"quan_in_stock":399}, 
 {"sales":12,"quan_in_stock":340}, 
 {"sales":17,"quan_in_stock":237}, 
 {"sales":12,"quan_in_stock":128}, 
 {"sales":10,"quan_in_stock":37}, 
 {"sales":16,"quan_in_stock":470}, 
 {"sales":12,"quan_in_stock":96}, 
 {"sales":22,"quan_in_stock":136}, 
 {"sales":18,"quan_in_stock":344}, 
 {"sales":13,"quan_in_stock":19}, 
 {"sales":24,"quan_in_stock":181}, 
 {"sales":7,"quan_in_stock":319}, 
 {"sales":13,"quan_in_stock":144}, 
 {"sales":10,"quan_in_stock":366}, 
 {"sales":22,"quan_in_stock":247}, 
 {"sales":13,"quan_in_stock":377}, 
 {"sales":4,"quan_in_stock":280}, 
 {"sales":7,"quan_in_stock":479}, 
 {"sales":8,"quan_in_stock":77}, 
 {"sales":10,"quan_in_stock":463}, 
 {"sales":13,"quan_in_stock":55}, 
 {"sales":4,"quan_in_stock":485}, 
 {"sales":12,"quan_in_stock":490}, 
 {"sales":11,"quan_in_stock":372}, 
 {"sales":17,"quan_in_stock":374}, 
 {"sales":5,"quan_in_stock":334}, 
 {"sales":9,"quan_in_stock":313}, 
 {"sales":4,"quan_in_stock":286}, 
 {"sales":11,"quan_in_stock":460}, 
 {"sales":16,"quan_in_stock":404}, 
 {"sales":23,"quan_in_stock":265}, 
 {"sales":6,"quan_in_stock":358}, 
 {"sales":11,"quan_in_stock":243}, 
 {"sales":13,"quan_in_stock":2}, 
 {"sales":9,"quan_in_stock":487}, 
 {"sales":11,"quan_in_stock":281}, 
 {"sales":20,"quan_in_stock":472}, 
 {"sales":9,"quan_in_stock":83}, 
 {"sales":22,"quan_in_stock":418}, 
 {"sales":13,"quan_in_stock":315}, 
 {"sales":20,"quan_in_stock":102}, 
 {"sales":24,"quan_in_stock":98}, 
 {"sales":18,"quan_in_stock":134}, 
 {"sales":10,"quan_in_stock":247}, 
 {"sales":26,"quan_in_stock":465}, 
 {"sales":10,"quan_in_stock":381}, 
 {"sales":13,"quan_in_stock":123}, 
 {"sales":14,"quan_in_stock":244}, 
 {"sales":7,"quan_in_stock":360}, 
 {"sales":16,"quan_in_stock":201}, 
 {"sales":14,"quan_in_stock":207}, 
 {"sales":6,"quan_in_stock":415}, 
 {"sales":7,"quan_in_stock":185}, 
 {"sales":6,"quan_in_stock":196}, 
 {"sales":18,"quan_in_stock":287}, 
 {"sales":17,"quan_in_stock":58}, 
 {"sales":15,"quan_in_stock":30}, 
 {"sales":5,"quan_in_stock":99}, 
 {"sales":15,"quan_in_stock":345}, 
 {"sales":11,"quan_in_stock":490}, 
 {"sales":18,"quan_in_stock":2}, 
 {"sales":3,"quan_in_stock":109}, 
 {"sales":9,"quan_in_stock":348}, 
 {"sales":10,"quan_in_stock":246}, 
 {"sales":4,"quan_in_stock":112}, 
 {"sales":14,"quan_in_stock":334}, 
 {"sales":5,"quan_in_stock":27}, 
 {"sales":12,"quan_in_stock":83}, 
 {"sales":10,"quan_in_stock":417}, 
 {"sales":15,"quan_in_stock":445}, 
 {"sales":25,"quan_in_stock":398}, 
 {"sales":7,"quan_in_stock":19}, 
 {"sales":12,"quan_in_stock":43}, 
 {"sales":14,"quan_in_stock":32}, 
 {"sales":12,"quan_in_stock":266}, 
 {"sales":10,"quan_in_stock":7}, 
 {"sales":11,"quan_in_stock":414}, 
 {"sales":7,"quan_in_stock":390}, 
 {"sales":4,"quan_in_stock":252}, 
 {"sales":20,"quan_in_stock":273}, 
 {"sales":14,"quan_in_stock":90}, 
 {"sales":15,"quan_in_stock":459}, 
 {"sales":15,"quan_in_stock":188}, 
 {"sales":15,"quan_in_stock":276}, 
 {"sales":6,"quan_in_stock":155}, 
 {"sales":10,"quan_in_stock":475}, 
 {"sales":9,"quan_in_stock":335}, 
 {"sales":9,"quan_in_stock":185}, 
 {"sales":23,"quan_in_stock":73}, 
 {"sales":10,"quan_in_stock":179}, 
 {"sales":13,"quan_in_stock":174}, 
 {"sales":9,"quan_in_stock":76}, 
 {"sales":7,"quan_in_stock":289}, 
 {"sales":14,"quan_in_stock":21}, 
 {"sales":11,"quan_in_stock":323}, 
 {"sales":4,"quan_in_stock":401}, 
 {"sales":5,"quan_in_stock":356}, 
 {"sales":15,"quan_in_stock":351}, 
 {"sales":11,"quan_in_stock":484}, 
 {"sales":12,"quan_in_stock":272}, 
 {"sales":17,"quan_in_stock":295}, 
 {"sales":17,"quan_in_stock":382}, 
 {"sales":7,"quan_in_stock":292}, 
 {"sales":12,"quan_in_stock":339}, 
 {"sales":16,"quan_in_stock":415}, 
 {"sales":13,"quan_in_stock":57}, 
 {"sales":20,"quan_in_stock":346}, 
 {"sales":19,"quan_in_stock":328}, 
 {"sales":17,"quan_in_stock":447}, 
 {"sales":12,"quan_in_stock":97}, 
 {"sales":13,"quan_in_stock":100}, 
 {"sales":18,"quan_in_stock":37}, 
 {"sales":10,"quan_in_stock":56}, 
 {"sales":12,"quan_in_stock":289}, 
 {"sales":15,"quan_in_stock":313}, 
 {"sales":13,"quan_in_stock":211}, 
 {"sales":11,"quan_in_stock":263}, 
 {"sales":16,"quan_in_stock":147}, 
 {"sales":9,"quan_in_stock":396}, 
 {"sales":20,"quan_in_stock":337}, 
 {"sales":17,"quan_in_stock":327}, 
 {"sales":9,"quan_in_stock":70}, 
 {"sales":16,"quan_in_stock":414}, 
 {"sales":19,"quan_in_stock":115}, 
 {"sales":5,"quan_in_stock":92}, 
 {"sales":8,"quan_in_stock":237}, 
 {"sales":12,"quan_in_stock":16}, 
 {"sales":21,"quan_in_stock":448}, 
 {"sales":11,"quan_in_stock":87}, 
 {"sales":11,"quan_in_stock":0}, 
 {"sales":10,"quan_in_stock":220}, 
 {"sales":10,"quan_in_stock":383}, 
 {"sales":9,"quan_in_stock":383}, 
 {"sales":12,"quan_in_stock":11}, 
 {"sales":7,"quan_in_stock":221}, 
 {"sales":19,"quan_in_stock":297}, 
 {"sales":10,"quan_in_stock":69}, 
 {"sales":12,"quan_in_stock":67}, 
 {"sales":21,"quan_in_stock":124}, 
 {"sales":2,"quan_in_stock":15}, 
 {"sales":10,"quan_in_stock":165}, 
 {"sales":10,"quan_in_stock":225}, 
 {"sales":14,"quan_in_stock":52}, 
 {"sales":9,"quan_in_stock":221}, 
 {"sales":17,"quan_in_stock":13}, 
 {"sales":19,"quan_in_stock":366}, 
 {"sales":10,"quan_in_stock":432}, 
 {"sales":10,"quan_in_stock":277}, 
 {"sales":9,"quan_in_stock":12}, 
 {"sales":10,"quan_in_stock":328}, 
 {"sales":4,"quan_in_stock":113}, 
 {"sales":12,"quan_in_stock":339}, 
 {"sales":13,"quan_in_stock":399}, 
 {"sales":20,"quan_in_stock":27}, 
 {"sales":18,"quan_in_stock":455}, 
 {"sales":14,"quan_in_stock":491}, 
 {"sales":14,"quan_in_stock":264}, 
 {"sales":6,"quan_in_stock":471}, 
 {"sales":10,"quan_in_stock":439}, 
 {"sales":10,"quan_in_stock":351}, 
 {"sales":0,"quan_in_stock":472}, 
 {"sales":20,"quan_in_stock":158}, 
 {"sales":12,"quan_in_stock":233}, 
 {"sales":11,"quan_in_stock":354}, 
 {"sales":13,"quan_in_stock":169}, 
 {"sales":5,"quan_in_stock":455}, 
 {"sales":5,"quan_in_stock":150}, 
 {"sales":3,"quan_in_stock":238}, 
 {"sales":17,"quan_in_stock":21}, 
 {"sales":8,"quan_in_stock":274}, 
 {"sales":28,"quan_in_stock":254}, 
 {"sales":13,"quan_in_stock":186}, 
 {"sales":18,"quan_in_stock":499}, 
 {"sales":19,"quan_in_stock":307}, 
 {"sales":21,"quan_in_stock":407}, 
 {"sales":6,"quan_in_stock":12}, 
 {"sales":11,"quan_in_stock":172}, 
 {"sales":18,"quan_in_stock":339}, 
 {"sales":8,"quan_in_stock":289}, 
 {"sales":12,"quan_in_stock":185}, 
 {"sales":15,"quan_in_stock":167}, 
 {"sales":17,"quan_in_stock":403}, 
 {"sales":9,"quan_in_stock":23}, 
 {"sales":10,"quan_in_stock":65}, 
 {"sales":9,"quan_in_stock":430}, 
 {"sales":2,"quan_in_stock":478}, 
 {"sales":10,"quan_in_stock":56}, 
 {"sales":12,"quan_in_stock":194}, 
 {"sales":13,"quan_in_stock":449}, 
 {"sales":2,"quan_in_stock":495}, 
 {"sales":11,"quan_in_stock":44}, 
 {"sales":4,"quan_in_stock":420}, 
 {"sales":17,"quan_in_stock":152}, 
 {"sales":6,"quan_in_stock":278}, 
 {"sales":18,"quan_in_stock":273}, 
 {"sales":8,"quan_in_stock":322}, 
 {"sales":24,"quan_in_stock":232}, 
 {"sales":10,"quan_in_stock":424}, 
 {"sales":12,"quan_in_stock":60}, 
 {"sales":12,"quan_in_stock":254}, 
 {"sales":10,"quan_in_stock":197}, 
 {"sales":10,"quan_in_stock":314}, 
 {"sales":7,"quan_in_stock":440}, 
 {"sales":22,"quan_in_stock":196}, 
 {"sales":19,"quan_in_stock":121}, 
 {"sales":30,"quan_in_stock":347}, 
 {"sales":16,"quan_in_stock":208}, 
 {"sales":7,"quan_in_stock":293}, 
 {"sales":13,"quan_in_stock":186}, 
 {"sales":15,"quan_in_stock":497}, 
 {"sales":4,"quan_in_stock":478}, 
 {"sales":15,"quan_in_stock":353}, 
 {"sales":13,"quan_in_stock":400}, 
 {"sales":3,"quan_in_stock":1}, 
 {"sales":9,"quan_in_stock":419}, 
 {"sales":12,"quan_in_stock":329}, 
 {"sales":15,"quan_in_stock":480}, 
 {"sales":14,"quan_in_stock":476}, 
 {"sales":5,"quan_in_stock":22}, 
 {"sales":7,"quan_in_stock":429}, 
 {"sales":15,"quan_in_stock":470}, 
 {"sales":14,"quan_in_stock":67}, 
 {"sales":20,"quan_in_stock":348}, 
 {"sales":14,"quan_in_stock":122}, 
 {"sales":9,"quan_in_stock":345}, 
 {"sales":6,"quan_in_stock":121}, 
 {"sales":7,"quan_in_stock":445}, 
 {"sales":9,"quan_in_stock":77}, 
 {"sales":18,"quan_in_stock":44}, 
 {"sales":11,"quan_in_stock":4}, 
 {"sales":11,"quan_in_stock":331}, 
 {"sales":13,"quan_in_stock":242}, 
 {"sales":15,"quan_in_stock":319}, 
 {"sales":20,"quan_in_stock":271}, 
 {"sales":17,"quan_in_stock":438}, 
 {"sales":15,"quan_in_stock":440}, 
 {"sales":8,"quan_in_stock":118}, 
 {"sales":10,"quan_in_stock":145}, 
 {"sales":14,"quan_in_stock":233}, 
 {"sales":5,"quan_in_stock":304}, 
 {"sales":21,"quan_in_stock":142}, 
 {"sales":14,"quan_in_stock":211}, 
 {"sales":17,"quan_in_stock":157}, 
 {"sales":12,"quan_in_stock":41}, 
 {"sales":17,"quan_in_stock":213}, 
 {"sales":8,"quan_in_stock":76}, 
 {"sales":4,"quan_in_stock":371}, 
 {"sales":21,"quan_in_stock":192}, 
 {"sales":6,"quan_in_stock":51}, 
 {"sales":5,"quan_in_stock":394}, 
 {"sales":15,"quan_in_stock":120}, 
 {"sales":6,"quan_in_stock":21}, 
 {"sales":15,"quan_in_stock":461}, 
 {"sales":17,"quan_in_stock":469}, 
 {"sales":11,"quan_in_stock":144}, 
 {"sales":10,"quan_in_stock":306}, 
 {"sales":14,"quan_in_stock":90}, 
 {"sales":4,"quan_in_stock":88}, 
 {"sales":9,"quan_in_stock":384}, 
 {"sales":18,"quan_in_stock":135}, 
 {"sales":13,"quan_in_stock":92}, 
 {"sales":24,"quan_in_stock":215}, 
 {"sales":9,"quan_in_stock":377}, 
 {"sales":4,"quan_in_stock":412}, 
 {"sales":19,"quan_in_stock":487}, 
 {"sales":8,"quan_in_stock":314}, 
 {"sales":7,"quan_in_stock":351}, 
 {"sales":12,"quan_in_stock":104}, 
 {"sales":15,"quan_in_stock":460}, 
 {"sales":14,"quan_in_stock":84}, 
 {"sales":11,"quan_in_stock":408}, 
 {"sales":11,"quan_in_stock":102}, 
 {"sales":15,"quan_in_stock":296}, 
 {"sales":13,"quan_in_stock":65}, 
 {"sales":18,"quan_in_stock":144}, 
 {"sales":17,"quan_in_stock":8}, 
 {"sales":11,"quan_in_stock":141}, 
 {"sales":3,"quan_in_stock":14}, 
 {"sales":13,"quan_in_stock":200}, 
 {"sales":12,"quan_in_stock":193}, 
 {"sales":13,"quan_in_stock":409}, 
 {"sales":8,"quan_in_stock":321}, 
 {"sales":5,"quan_in_stock":214}, 
 {"sales":7,"quan_in_stock":370}, 
 {"sales":10,"quan_in_stock":290}, 
 {"sales":18,"quan_in_stock":358}, 
 {"sales":16,"quan_in_stock":175}, 
 {"sales":9,"quan_in_stock":380}, 
 {"sales":7,"quan_in_stock":447}, 
 {"sales":13,"quan_in_stock":59}, 
 {"sales":18,"quan_in_stock":14}, 
 {"sales":18,"quan_in_stock":38}, 
 {"sales":10,"quan_in_stock":274}, 
 {"sales":4,"quan_in_stock":391}, 
 {"sales":7,"quan_in_stock":450}, 
 {"sales":14,"quan_in_stock":261}, 
 {"sales":25,"quan_in_stock":205}, 
 {"sales":14,"quan_in_stock":301}, 
 {"sales":10,"quan_in_stock":365}, 
 {"sales":8,"quan_in_stock":165}, 
 {"sales":19,"quan_in_stock":386}, 
 {"sales":20,"quan_in_stock":273}, 
 {"sales":17,"quan_in_stock":267}, 
 {"sales":11,"quan_in_stock":181}, 
 {"sales":10,"quan_in_stock":338}, 
 {"sales":16,"quan_in_stock":412}, 
 {"sales":14,"quan_in_stock":189}, 
 {"sales":19,"quan_in_stock":480}, 
 {"sales":7,"quan_in_stock":427}, 
 {"sales":15,"quan_in_stock":390}, 
 {"sales":9,"quan_in_stock":173}, 
 {"sales":11,"quan_in_stock":335}, 
 {"sales":10,"quan_in_stock":211}, 
 {"sales":13,"quan_in_stock":388}, 
 {"sales":10,"quan_in_stock":204}, 
 {"sales":23,"quan_in_stock":0}, 
 {"sales":14,"quan_in_stock":245}, 
 {"sales":18,"quan_in_stock":380}, 
 {"sales":9,"quan_in_stock":381}, 
 {"sales":5,"quan_in_stock":192}, 
 {"sales":11,"quan_in_stock":440}, 
 {"sales":15,"quan_in_stock":396}, 
 {"sales":10,"quan_in_stock":230}, 
 {"sales":5,"quan_in_stock":214}, 
 {"sales":3,"quan_in_stock":287}, 
 {"sales":5,"quan_in_stock":180}, 
 {"sales":23,"quan_in_stock":475}, 
 {"sales":9,"quan_in_stock":492}, 
 {"sales":7,"quan_in_stock":482}, 
 {"sales":10,"quan_in_stock":340}, 
 {"sales":15,"quan_in_stock":157}, 
 {"sales":15,"quan_in_stock":367}, 
 {"sales":7,"quan_in_stock":112}, 
 {"sales":8,"quan_in_stock":425}, 
 {"sales":6,"quan_in_stock":48}, 
 {"sales":11,"quan_in_stock":451}, 
 {"sales":9,"quan_in_stock":336}, 
 {"sales":17,"quan_in_stock":237}, 
 {"sales":19,"quan_in_stock":431}, 
 {"sales":10,"quan_in_stock":262}, 
 {"sales":13,"quan_in_stock":127}, 
 {"sales":16,"quan_in_stock":103}, 
 {"sales":14,"quan_in_stock":97}, 
 {"sales":18,"quan_in_stock":339}, 
 {"sales":7,"quan_in_stock":491}, 
 {"sales":16,"quan_in_stock":302}, 
 {"sales":15,"quan_in_stock":340}, 
 {"sales":10,"quan_in_stock":236}, 
 {"sales":11,"quan_in_stock":182}, 
 {"sales":20,"quan_in_stock":220}, 
 {"sales":16,"quan_in_stock":428}, 
 {"sales":14,"quan_in_stock":121}, 
 {"sales":23,"quan_in_stock":115}, 
 {"sales":12,"quan_in_stock":158}, 
 {"sales":15,"quan_in_stock":336}, 
 {"sales":23,"quan_in_stock":402}, 
 {"sales":11,"quan_in_stock":338}, 
 {"sales":12,"quan_in_stock":310}, 
 {"sales":7,"quan_in_stock":394}, 
 {"sales":17,"quan_in_stock":319}, 
 {"sales":13,"quan_in_stock":149}, 
 {"sales":10,"quan_in_stock":50}, 
 {"sales":9,"quan_in_stock":186}, 
 {"sales":15,"quan_in_stock":262}, 
 {"sales":18,"quan_in_stock":476}, 
 {"sales":12,"quan_in_stock":234}, 
 {"sales":15,"quan_in_stock":213}, 
 {"sales":11,"quan_in_stock":311}, 
 {"sales":25,"quan_in_stock":472}, 
 {"sales":10,"quan_in_stock":143}, 
 {"sales":9,"quan_in_stock":73}, 
 {"sales":13,"quan_in_stock":98}, 
 {"sales":20,"quan_in_stock":246}, 
 {"sales":9,"quan_in_stock":171}, 
 {"sales":11,"quan_in_stock":438}, 
 {"sales":18,"quan_in_stock":236}, 
 {"sales":12,"quan_in_stock":473}, 
 {"sales":18,"quan_in_stock":277}, 
 {"sales":17,"quan_in_stock":473}, 
 {"sales":11,"quan_in_stock":155}, 
 {"sales":7,"quan_in_stock":497}, 
 {"sales":13,"quan_in_stock":400}, 
 {"sales":12,"quan_in_stock":277}, 
 {"sales":15,"quan_in_stock":112}, 
 {"sales":16,"quan_in_stock":57}, 
 {"sales":16,"quan_in_stock":112}, 
 {"sales":19,"quan_in_stock":14}, 
 {"sales":16,"quan_in_stock":396}, 
 {"sales":11,"quan_in_stock":423}, 
 {"sales":23,"quan_in_stock":408}, 
 {"sales":10,"quan_in_stock":214}, 
 {"sales":34,"quan_in_stock":72}, 
 {"sales":21,"quan_in_stock":459}, 
 {"sales":12,"quan_in_stock":400}, 
 {"sales":13,"quan_in_stock":334}, 
 {"sales":14,"quan_in_stock":434}, 
 {"sales":12,"quan_in_stock":134}, 
 {"sales":9,"quan_in_stock":46}, 
 {"sales":6,"quan_in_stock":244}, 
 {"sales":6,"quan_in_stock":105}, 
 {"sales":2,"quan_in_stock":189}, 
 {"sales":13,"quan_in_stock":318}, 
 {"sales":9,"quan_in_stock":204}, 
 {"sales":14,"quan_in_stock":436}, 
 {"sales":6,"quan_in_stock":489}, 
 {"sales":14,"quan_in_stock":141}, 
 {"sales":16,"quan_in_stock":172}, 
 {"sales":20,"quan_in_stock":462}, 
 {"sales":8,"quan_in_stock":418}, 
 {"sales":13,"quan_in_stock":144}, 
 {"sales":12,"quan_in_stock":116}, 
 {"sales":11,"quan_in_stock":415}, 
 {"sales":12,"quan_in_stock":43}, 
 {"sales":12,"quan_in_stock":393}, 
 {"sales":6,"quan_in_stock":26}, 
 {"sales":10,"quan_in_stock":101}, 
 {"sales":3,"quan_in_stock":5}, 
 {"sales":2,"quan_in_stock":40}, 
 {"sales":9,"quan_in_stock":497}, 
 {"sales":10,"quan_in_stock":428}, 
 {"sales":18,"quan_in_stock":449}, 
 {"sales":20,"quan_in_stock":211}, 
 {"sales":19,"quan_in_stock":500}, 
 {"sales":19,"quan_in_stock":407}, 
 {"sales":5,"quan_in_stock":111}, 
 {"sales":20,"quan_in_stock":333}, 
 {"sales":10,"quan_in_stock":340}, 
 {"sales":8,"quan_in_stock":245}, 
 {"sales":13,"quan_in_stock":380}, 
 {"sales":5,"quan_in_stock":84}, 
 {"sales":0,"quan_in_stock":350}, 
 {"sales":9,"quan_in_stock":69}, 
 {"sales":12,"quan_in_stock":402}, 
 {"sales":14,"quan_in_stock":53}, 
 {"sales":18,"quan_in_stock":4}, 
 {"sales":3,"quan_in_stock":391}, 
 {"sales":8,"quan_in_stock":195}, 
 {"sales":6,"quan_in_stock":176}, 
 {"sales":14,"quan_in_stock":352}, 
 {"sales":6,"quan_in_stock":112}, 
 {"sales":9,"quan_in_stock":320}, 
 {"sales":10,"quan_in_stock":469}, 
 {"sales":17,"quan_in_stock":27}, 
 {"sales":17,"quan_in_stock":364}, 
 {"sales":12,"quan_in_stock":362}, 
 {"sales":12,"quan_in_stock":54}, 
 {"sales":15,"quan_in_stock":466}, 
 {"sales":4,"quan_in_stock":367}, 
 {"sales":6,"quan_in_stock":95}, 
 {"sales":5,"quan_in_stock":462}, 
 {"sales":5,"quan_in_stock":294}, 
 {"sales":23,"quan_in_stock":43}, 
 {"sales":14,"quan_in_stock":172}, 
 {"sales":23,"quan_in_stock":293}, 
 {"sales":14,"quan_in_stock":451}, 
 {"sales":13,"quan_in_stock":283}, 
 {"sales":3,"quan_in_stock":126}, 
 {"sales":8,"quan_in_stock":290}, 
 {"sales":11,"quan_in_stock":28}, 
 {"sales":14,"quan_in_stock":5}, 
 {"sales":6,"quan_in_stock":375}, 
 {"sales":11,"quan_in_stock":378}, 
 {"sales":14,"quan_in_stock":74}, 
 {"sales":6,"quan_in_stock":277}, 
 {"sales":13,"quan_in_stock":432}, 
 {"sales":12,"quan_in_stock":79}, 
 {"sales":13,"quan_in_stock":167}, 
 {"sales":10,"quan_in_stock":126}, 
 {"sales":20,"quan_in_stock":255}, 
 {"sales":6,"quan_in_stock":19}, 
 {"sales":11,"quan_in_stock":239}, 
 {"sales":10,"quan_in_stock":75}, 
 {"sales":6,"quan_in_stock":488}, 
 {"sales":14,"quan_in_stock":266}, 
 {"sales":6,"quan_in_stock":440}, 
 {"sales":12,"quan_in_stock":350}, 
 {"sales":10,"quan_in_stock":321}, 
 {"sales":7,"quan_in_stock":405}, 
 {"sales":23,"quan_in_stock":216}, 
 {"sales":12,"quan_in_stock":416}, 
 {"sales":9,"quan_in_stock":367}, 
 {"sales":30,"quan_in_stock":9}, 
 {"sales":14,"quan_in_stock":460}, 
 {"sales":3,"quan_in_stock":39}, 
 {"sales":5,"quan_in_stock":303}, 
 {"sales":17,"quan_in_stock":410}, 
 {"sales":12,"quan_in_stock":323}, 
 {"sales":12,"quan_in_stock":430}, 
 {"sales":13,"quan_in_stock":200}, 
 {"sales":15,"quan_in_stock":351}, 
 {"sales":12,"quan_in_stock":435}, 
 {"sales":14,"quan_in_stock":74}, 
 {"sales":5,"quan_in_stock":228}, 
 {"sales":2,"quan_in_stock":9}, 
 {"sales":6,"quan_in_stock":351}, 
 {"sales":18,"quan_in_stock":160}, 
 {"sales":17,"quan_in_stock":88}, 
 {"sales":10,"quan_in_stock":17}, 
 {"sales":9,"quan_in_stock":286}, 
 {"sales":10,"quan_in_stock":344}, 
 {"sales":14,"quan_in_stock":37}, 
 {"sales":6,"quan_in_stock":24}, 
 {"sales":7,"quan_in_stock":419}, 
 {"sales":7,"quan_in_stock":25}, 
 {"sales":10,"quan_in_stock":291}, 
 {"sales":9,"quan_in_stock":359}, 
 {"sales":13,"quan_in_stock":375}, 
 {"sales":4,"quan_in_stock":111}, 
 {"sales":15,"quan_in_stock":264}, 
 {"sales":8,"quan_in_stock":90}, 
 {"sales":15,"quan_in_stock":27}, 
 {"sales":17,"quan_in_stock":130}, 
 {"sales":20,"quan_in_stock":100}, 
 {"sales":15,"quan_in_stock":487}, 
 {"sales":14,"quan_in_stock":170}, 
 {"sales":21,"quan_in_stock":404}, 
 {"sales":11,"quan_in_stock":396}, 
 {"sales":15,"quan_in_stock":493}, 
 {"sales":12,"quan_in_stock":333}, 
 {"sales":17,"quan_in_stock":95}, 
 {"sales":22,"quan_in_stock":343}, 
 {"sales":10,"quan_in_stock":268}, 
 {"sales":9,"quan_in_stock":170}, 
 {"sales":13,"quan_in_stock":71}, 
 {"sales":5,"quan_in_stock":277}, 
 {"sales":13,"quan_in_stock":20}, 
 {"sales":3,"quan_in_stock":232}, 
 {"sales":17,"quan_in_stock":366}, 
 {"sales":7,"quan_in_stock":38}, 
 {"sales":9,"quan_in_stock":17}, 
 {"sales":12,"quan_in_stock":209}, 
 {"sales":10,"quan_in_stock":75}, 
 {"sales":14,"quan_in_stock":42}, 
 {"sales":7,"quan_in_stock":127}, 
 {"sales":33,"quan_in_stock":101}, 
 {"sales":11,"quan_in_stock":334}, 
 {"sales":6,"quan_in_stock":487}, 
 {"sales":5,"quan_in_stock":476}, 
 {"sales":14,"quan_in_stock":446}, 
 {"sales":15,"quan_in_stock":250}, 
 {"sales":10,"quan_in_stock":66}, 
 {"sales":18,"quan_in_stock":473}, 
 {"sales":17,"quan_in_stock":381}, 
 {"sales":13,"quan_in_stock":166}, 
 {"sales":7,"quan_in_stock":459}, 
 {"sales":28,"quan_in_stock":50}, 
 {"sales":12,"quan_in_stock":70}, 
 {"sales":2,"quan_in_stock":355}, 
 {"sales":23,"quan_in_stock":42}, 
 {"sales":13,"quan_in_stock":403}, 
 {"sales":18,"quan_in_stock":451}, 
 {"sales":17,"quan_in_stock":386}, 
 {"sales":21,"quan_in_stock":170}, 
 {"sales":10,"quan_in_stock":120}, 
 {"sales":8,"quan_in_stock":458}, 
 {"sales":15,"quan_in_stock":448}, 
 {"sales":6,"quan_in_stock":140}, 
 {"sales":8,"quan_in_stock":189}, 
 {"sales":5,"quan_in_stock":313}, 
 {"sales":4,"quan_in_stock":179}, 
 {"sales":7,"quan_in_stock":207}, 
 {"sales":14,"quan_in_stock":21}, 
 {"sales":21,"quan_in_stock":255}, 
 {"sales":8,"quan_in_stock":249}, 
 {"sales":6,"quan_in_stock":149}, 
 {"sales":14,"quan_in_stock":356}, 
 {"sales":18,"quan_in_stock":82}, 
 {"sales":13,"quan_in_stock":135}, 
 {"sales":15,"quan_in_stock":332}, 
 {"sales":6,"quan_in_stock":28}, 
 {"sales":2,"quan_in_stock":385}, 
 {"sales":24,"quan_in_stock":398}, 
 {"sales":16,"quan_in_stock":0}, 
 {"sales":14,"quan_in_stock":265}, 
 {"sales":14,"quan_in_stock":64}, 
 {"sales":8,"quan_in_stock":460}, 
 {"sales":16,"quan_in_stock":316}, 
 {"sales":10,"quan_in_stock":134}, 
 {"sales":16,"quan_in_stock":314}, 
 {"sales":16,"quan_in_stock":358}, 
 {"sales":7,"quan_in_stock":36}, 
 {"sales":15,"quan_in_stock":264}, 
 {"sales":13,"quan_in_stock":244}, 
 {"sales":13,"quan_in_stock":207}, 
 {"sales":8,"quan_in_stock":385}, 
 {"sales":10,"quan_in_stock":201}, 
 {"sales":7,"quan_in_stock":154}, 
 {"sales":8,"quan_in_stock":25}, 
 {"sales":26,"quan_in_stock":391}, 
 {"sales":8,"quan_in_stock":467}, 
 {"sales":12,"quan_in_stock":204}, 
 {"sales":13,"quan_in_stock":97}, 
 {"sales":13,"quan_in_stock":489}, 
 {"sales":8,"quan_in_stock":460}, 
 {"sales":18,"quan_in_stock":346}, 
 {"sales":18,"quan_in_stock":137}, 
 {"sales":14,"quan_in_stock":315}, 
 {"sales":12,"quan_in_stock":429}, 
 {"sales":6,"quan_in_stock":273}, 
 {"sales":16,"quan_in_stock":147}, 
 {"sales":6,"quan_in_stock":457}, 
 {"sales":25,"quan_in_stock":157}, 
 {"sales":6,"quan_in_stock":44}, 
 {"sales":5,"quan_in_stock":458}, 
 {"sales":12,"quan_in_stock":423}, 
 {"sales":10,"quan_in_stock":108}, 
 {"sales":22,"quan_in_stock":417}, 
 {"sales":13,"quan_in_stock":238}, 
 {"sales":15,"quan_in_stock":243}, 
 {"sales":13,"quan_in_stock":231}, 
 {"sales":21,"quan_in_stock":96}, 
 {"sales":5,"quan_in_stock":280}, 
 {"sales":11,"quan_in_stock":496}, 
 {"sales":7,"quan_in_stock":340}, 
 {"sales":8,"quan_in_stock":487}, 
 {"sales":9,"quan_in_stock":380}, 
 {"sales":2,"quan_in_stock":41}, 
 {"sales":16,"quan_in_stock":141}, 
 {"sales":14,"quan_in_stock":405}, 
 {"sales":5,"quan_in_stock":432}, 
 {"sales":15,"quan_in_stock":108}, 
 {"sales":10,"quan_in_stock":109}, 
 {"sales":8,"quan_in_stock":29}, 
 {"sales":12,"quan_in_stock":96}, 
 {"sales":15,"quan_in_stock":68}, 
 {"sales":8,"quan_in_stock":376}, 
 {"sales":15,"quan_in_stock":234}, 
 {"sales":10,"quan_in_stock":384}, 
 {"sales":17,"quan_in_stock":305}, 
 {"sales":11,"quan_in_stock":6}, 
 {"sales":6,"quan_in_stock":30}, 
 {"sales":19,"quan_in_stock":262}, 
 {"sales":15,"quan_in_stock":164}, 
 {"sales":20,"quan_in_stock":75}, 
 {"sales":11,"quan_in_stock":219}, 
 {"sales":10,"quan_in_stock":87}, 
 {"sales":8,"quan_in_stock":184}, 
 {"sales":9,"quan_in_stock":136}, 
 {"sales":10,"quan_in_stock":325}, 
 {"sales":12,"quan_in_stock":427}, 
 {"sales":10,"quan_in_stock":367}, 
 {"sales":12,"quan_in_stock":422}, 
 {"sales":5,"quan_in_stock":206}, 
 {"sales":15,"quan_in_stock":362}, 
 {"sales":6,"quan_in_stock":262}, 
 {"sales":13,"quan_in_stock":193}, 
 {"sales":7,"quan_in_stock":242}, 
 {"sales":14,"quan_in_stock":303}, 
 {"sales":13,"quan_in_stock":334}, 
 {"sales":12,"quan_in_stock":147}, 
 {"sales":6,"quan_in_stock":235}, 
 {"sales":11,"quan_in_stock":443}, 
 {"sales":10,"quan_in_stock":256}, 
 {"sales":9,"quan_in_stock":264}, 
 {"sales":9,"quan_in_stock":38}, 
 {"sales":7,"quan_in_stock":325}, 
 {"sales":11,"quan_in_stock":139}, 
 {"sales":19,"quan_in_stock":273}, 
 {"sales":12,"quan_in_stock":209}, 
 {"sales":14,"quan_in_stock":444}, 
 {"sales":16,"quan_in_stock":279}, 
 {"sales":9,"quan_in_stock":240}, 
 {"sales":11,"quan_in_stock":205}, 
 {"sales":13,"quan_in_stock":444}, 
 {"sales":22,"quan_in_stock":315}, 
 {"sales":12,"quan_in_stock":425}, 
 {"sales":15,"quan_in_stock":30}, 
 {"sales":10,"quan_in_stock":499}, 
 {"sales":13,"quan_in_stock":60}, 
 {"sales":14,"quan_in_stock":356}, 
 {"sales":13,"quan_in_stock":426}, 
 {"sales":11,"quan_in_stock":427}, 
 {"sales":7,"quan_in_stock":277}, 
 {"sales":10,"quan_in_stock":131}, 
 {"sales":8,"quan_in_stock":289}, 
 {"sales":8,"quan_in_stock":38}, 
 {"sales":7,"quan_in_stock":324}, 
 {"sales":15,"quan_in_stock":31}, 
 {"sales":13,"quan_in_stock":342}, 
 {"sales":20,"quan_in_stock":158}, 
 {"sales":9,"quan_in_stock":178}, 
 {"sales":7,"quan_in_stock":76}, 
 {"sales":17,"quan_in_stock":100}, 
 {"sales":12,"quan_in_stock":435}, 
 {"sales":15,"quan_in_stock":341}, 
 {"sales":6,"quan_in_stock":139}, 
 {"sales":7,"quan_in_stock":260}, 
 {"sales":9,"quan_in_stock":481}, 
 {"sales":23,"quan_in_stock":412}, 
 {"sales":7,"quan_in_stock":470}, 
 {"sales":17,"quan_in_stock":424}, 
 {"sales":7,"quan_in_stock":191}, 
 {"sales":6,"quan_in_stock":209}, 
 {"sales":6,"quan_in_stock":129}, 
 {"sales":13,"quan_in_stock":134}, 
 {"sales":12,"quan_in_stock":24}, 
 {"sales":7,"quan_in_stock":54}, 
 {"sales":8,"quan_in_stock":164}, 
 {"sales":2,"quan_in_stock":23}, 
 {"sales":7,"quan_in_stock":114}, 
 {"sales":8,"quan_in_stock":19}, 
 {"sales":12,"quan_in_stock":449}, 
 {"sales":7,"quan_in_stock":41}, 
 {"sales":17,"quan_in_stock":297}, 
 {"sales":19,"quan_in_stock":79}, 
 {"sales":11,"quan_in_stock":331}, 
 {"sales":9,"quan_in_stock":336}, 
 {"sales":11,"quan_in_stock":404}, 
 {"sales":24,"quan_in_stock":362}, 
 {"sales":16,"quan_in_stock":177}, 
 {"sales":14,"quan_in_stock":62}, 
 {"sales":0,"quan_in_stock":40}, 
 {"sales":6,"quan_in_stock":254}, 
 {"sales":18,"quan_in_stock":162}, 
 {"sales":11,"quan_in_stock":475}, 
 {"sales":8,"quan_in_stock":94}, 
 {"sales":10,"quan_in_stock":302}, 
 {"sales":12,"quan_in_stock":235}, 
 {"sales":14,"quan_in_stock":75}, 
 {"sales":12,"quan_in_stock":213}, 
 {"sales":10,"quan_in_stock":204}, 
 {"sales":7,"quan_in_stock":500}, 
 {"sales":15,"quan_in_stock":405}, 
 {"sales":4,"quan_in_stock":413}, 
 {"sales":11,"quan_in_stock":128}, 
 {"sales":4,"quan_in_stock":38}, 
 {"sales":13,"quan_in_stock":438}, 
 {"sales":9,"quan_in_stock":182}, 
 {"sales":5,"quan_in_stock":203}, 
 {"sales":12,"quan_in_stock":461}, 
 {"sales":11,"quan_in_stock":297}, 
 {"sales":17,"quan_in_stock":223}, 
 {"sales":13,"quan_in_stock":409}, 
 {"sales":12,"quan_in_stock":338}, 
 {"sales":16,"quan_in_stock":19}, 
 {"sales":20,"quan_in_stock":489}, 
 {"sales":15,"quan_in_stock":169}, 
 {"sales":17,"quan_in_stock":355}, 
 {"sales":23,"quan_in_stock":393}, 
 {"sales":8,"quan_in_stock":30}, 
 {"sales":3,"quan_in_stock":32}, 
 {"sales":18,"quan_in_stock":455}, 
 {"sales":3,"quan_in_stock":70}, 
 {"sales":16,"quan_in_stock":286}, 
 {"sales":15,"quan_in_stock":117}, 
 {"sales":11,"quan_in_stock":45}, 
 {"sales":10,"quan_in_stock":381}, 
 {"sales":9,"quan_in_stock":419}, 
 {"sales":26,"quan_in_stock":280}, 
 {"sales":8,"quan_in_stock":456}, 
 {"sales":5,"quan_in_stock":131}, 
 {"sales":8,"quan_in_stock":484}, 
 {"sales":16,"quan_in_stock":455}, 
 {"sales":21,"quan_in_stock":35}, 
 {"sales":18,"quan_in_stock":397}, 
 {"sales":13,"quan_in_stock":83}, 
 {"sales":18,"quan_in_stock":74}, 
 {"sales":11,"quan_in_stock":334}, 
 {"sales":13,"quan_in_stock":266}, 
 {"sales":8,"quan_in_stock":277}, 
 {"sales":11,"quan_in_stock":295}, 
 {"sales":14,"quan_in_stock":62}, 
 {"sales":10,"quan_in_stock":500}, 
 {"sales":12,"quan_in_stock":204}, 
 {"sales":11,"quan_in_stock":401}, 
 {"sales":13,"quan_in_stock":19}, 
 {"sales":10,"quan_in_stock":192}, 
 {"sales":15,"quan_in_stock":69}, 
 {"sales":18,"quan_in_stock":374}, 
 {"sales":22,"quan_in_stock":85}, 
 {"sales":8,"quan_in_stock":100}, 
 {"sales":12,"quan_in_stock":407}, 
 {"sales":9,"quan_in_stock":39}, 
 {"sales":23,"quan_in_stock":171}, 
 {"sales":6,"quan_in_stock":192}, 
 {"sales":6,"quan_in_stock":156}, 
 {"sales":9,"quan_in_stock":216}, 
 {"sales":12,"quan_in_stock":72}, 
 {"sales":14,"quan_in_stock":74}, 
 {"sales":14,"quan_in_stock":497}, 
 {"sales":10,"quan_in_stock":28}, 
 {"sales":17,"quan_in_stock":206}, 
 {"sales":9,"quan_in_stock":480}, 
 {"sales":13,"quan_in_stock":483}, 
 {"sales":17,"quan_in_stock":242}, 
 {"sales":13,"quan_in_stock":377}, 
 {"sales":21,"quan_in_stock":65}, 
 {"sales":8,"quan_in_stock":316}, 
 {"sales":9,"quan_in_stock":211}, 
 {"sales":5,"quan_in_stock":332}, 
 {"sales":17,"quan_in_stock":92}, 
 {"sales":13,"quan_in_stock":6}, 
 {"sales":8,"quan_in_stock":395}, 
 {"sales":8,"quan_in_stock":92}, 
 {"sales":12,"quan_in_stock":210}, 
 {"sales":17,"quan_in_stock":295}, 
 {"sales":16,"quan_in_stock":112}, 
 {"sales":11,"quan_in_stock":402}, 
 {"sales":18,"quan_in_stock":365}, 
 {"sales":14,"quan_in_stock":486}, 
 {"sales":15,"quan_in_stock":487}, 
 {"sales":11,"quan_in_stock":465}, 
 {"sales":14,"quan_in_stock":393}, 
 {"sales":18,"quan_in_stock":26}, 
 {"sales":14,"quan_in_stock":135}, 
 {"sales":15,"quan_in_stock":84}, 
 {"sales":15,"quan_in_stock":182}, 
 {"sales":16,"quan_in_stock":352}, 
 {"sales":8,"quan_in_stock":157}, 
 {"sales":8,"quan_in_stock":257}, 
 {"sales":13,"quan_in_stock":348}, 
 {"sales":8,"quan_in_stock":185}, 
 {"sales":16,"quan_in_stock":463}, 
 {"sales":24,"quan_in_stock":328}, 
 {"sales":11,"quan_in_stock":167}, 
 {"sales":7,"quan_in_stock":204}, 
 {"sales":15,"quan_in_stock":204}, 
 {"sales":16,"quan_in_stock":233}, 
 {"sales":19,"quan_in_stock":20}, 
 {"sales":17,"quan_in_stock":416}, 
 {"sales":17,"quan_in_stock":65}, 
 {"sales":19,"quan_in_stock":112}, 
 {"sales":17,"quan_in_stock":422}, 
 {"sales":10,"quan_in_stock":460}, 
 {"sales":11,"quan_in_stock":205}, 
 {"sales":16,"quan_in_stock":131}, 
 {"sales":13,"quan_in_stock":255}, 
 {"sales":10,"quan_in_stock":317}, 
 {"sales":5,"quan_in_stock":33}, 
 {"sales":3,"quan_in_stock":119}, 
 {"sales":8,"quan_in_stock":303}, 
 {"sales":3,"quan_in_stock":20}, 
 {"sales":9,"quan_in_stock":84}, 
 {"sales":17,"quan_in_stock":195}, 
 {"sales":6,"quan_in_stock":47}, 
 {"sales":9,"quan_in_stock":220}, 
 {"sales":22,"quan_in_stock":280}, 
 {"sales":3,"quan_in_stock":229}, 
 {"sales":12,"quan_in_stock":71}, 
 {"sales":9,"quan_in_stock":437}, 
 {"sales":6,"quan_in_stock":487}, 
 {"sales":25,"quan_in_stock":420}, 
 {"sales":11,"quan_in_stock":121}, 
 {"sales":21,"quan_in_stock":449}, 
 {"sales":20,"quan_in_stock":247}, 
 {"sales":5,"quan_in_stock":289}, 
 {"sales":16,"quan_in_stock":153}, 
 {"sales":8,"quan_in_stock":452}, 
 {"sales":6,"quan_in_stock":22}, 
 {"sales":15,"quan_in_stock":173}, 
 {"sales":8,"quan_in_stock":367}, 
 {"sales":17,"quan_in_stock":88}, 
 {"sales":12,"quan_in_stock":286}, 
 {"sales":12,"quan_in_stock":289}, 
 {"sales":7,"quan_in_stock":47}, 
 {"sales":9,"quan_in_stock":492}, 
 {"sales":22,"quan_in_stock":421}, 
 {"sales":23,"quan_in_stock":302}, 
 {"sales":15,"quan_in_stock":309}, 
 {"sales":10,"quan_in_stock":455}, 
 {"sales":14,"quan_in_stock":421}, 
 {"sales":13,"quan_in_stock":111}, 
 {"sales":17,"quan_in_stock":475}, 
 {"sales":24,"quan_in_stock":5}, 
 {"sales":12,"quan_in_stock":307}, 
 {"sales":13,"quan_in_stock":21}, 
 {"sales":9,"quan_in_stock":225}, 
 {"sales":21,"quan_in_stock":86}, 
 {"sales":9,"quan_in_stock":251}, 
 {"sales":7,"quan_in_stock":297}, 
 {"sales":9,"quan_in_stock":23}, 
 {"sales":12,"quan_in_stock":238}, 
 {"sales":12,"quan_in_stock":216}, 
 {"sales":13,"quan_in_stock":145}, 
 {"sales":4,"quan_in_stock":187}, 
 {"sales":4,"quan_in_stock":463}, 
 {"sales":8,"quan_in_stock":435}, 
 {"sales":17,"quan_in_stock":340}, 
 {"sales":14,"quan_in_stock":415}, 
 {"sales":13,"quan_in_stock":458}, 
 {"sales":12,"quan_in_stock":13}, 
 {"sales":15,"quan_in_stock":281}, 
 {"sales":19,"quan_in_stock":45}, 
 {"sales":13,"quan_in_stock":299}, 
 {"sales":12,"quan_in_stock":70}, 
 {"sales":7,"quan_in_stock":92}, 
 {"sales":13,"quan_in_stock":290}, 
 {"sales":18,"quan_in_stock":491}, 
 {"sales":18,"quan_in_stock":395}, 
 {"sales":14,"quan_in_stock":98}, 
 {"sales":10,"quan_in_stock":445}, 
 {"sales":7,"quan_in_stock":316}, 
 {"sales":26,"quan_in_stock":210}, 
 {"sales":27,"quan_in_stock":420}, 
 {"sales":6,"quan_in_stock":321}, 
 {"sales":23,"quan_in_stock":17}, 
 {"sales":16,"quan_in_stock":442}, 
 {"sales":16,"quan_in_stock":46}, 
 {"sales":14,"quan_in_stock":104}, 
 {"sales":8,"quan_in_stock":193}, 
 {"sales":10,"quan_in_stock":343}, 
 {"sales":11,"quan_in_stock":127}, 
 {"sales":10,"quan_in_stock":431}, 
 {"sales":12,"quan_in_stock":58}, 
 {"sales":13,"quan_in_stock":273}, 
 {"sales":11,"quan_in_stock":118}, 
 {"sales":6,"quan_in_stock":21}, 
 {"sales":9,"quan_in_stock":207}, 
 {"sales":19,"quan_in_stock":458}, 
 {"sales":16,"quan_in_stock":436}, 
 {"sales":13,"quan_in_stock":164}, 
 {"sales":20,"quan_in_stock":471}, 
 {"sales":9,"quan_in_stock":217}, 
 {"sales":4,"quan_in_stock":210}, 
 {"sales":15,"quan_in_stock":270}, 
 {"sales":19,"quan_in_stock":288}, 
 {"sales":8,"quan_in_stock":303}, 
 {"sales":5,"quan_in_stock":60}, 
 {"sales":10,"quan_in_stock":278}, 
 {"sales":7,"quan_in_stock":197}, 
 {"sales":10,"quan_in_stock":159}, 
 {"sales":3,"quan_in_stock":223}, 
 {"sales":16,"quan_in_stock":12}, 
 {"sales":13,"quan_in_stock":370}, 
 {"sales":11,"quan_in_stock":143}, 
 {"sales":4,"quan_in_stock":333}, 
 {"sales":8,"quan_in_stock":387}, 
 {"sales":11,"quan_in_stock":85}, 
 {"sales":14,"quan_in_stock":380}, 
 {"sales":10,"quan_in_stock":492}, 
 {"sales":10,"quan_in_stock":278}, 
 {"sales":8,"quan_in_stock":222}, 
 {"sales":5,"quan_in_stock":118}, 
 {"sales":4,"quan_in_stock":209}, 
 {"sales":10,"quan_in_stock":281}, 
 {"sales":15,"quan_in_stock":392}, 
 {"sales":7,"quan_in_stock":327}, 
 {"sales":16,"quan_in_stock":302}, 
 {"sales":10,"quan_in_stock":98}, 
 {"sales":12,"quan_in_stock":285}, 
 {"sales":16,"quan_in_stock":238}, 
 {"sales":9,"quan_in_stock":263}, 
 {"sales":8,"quan_in_stock":256}, 
 {"sales":5,"quan_in_stock":456}, 
 {"sales":9,"quan_in_stock":473}, 
 {"sales":10,"quan_in_stock":25}, 
 {"sales":16,"quan_in_stock":243}, 
 {"sales":5,"quan_in_stock":276}, 
 {"sales":8,"quan_in_stock":86}, 
 {"sales":17,"quan_in_stock":21}, 
 {"sales":8,"quan_in_stock":473}, 
 {"sales":10,"quan_in_stock":245}, 
 {"sales":13,"quan_in_stock":245}, 
 {"sales":30,"quan_in_stock":485}, 
 {"sales":3,"quan_in_stock":115}, 
 {"sales":10,"quan_in_stock":388}, 
 {"sales":7,"quan_in_stock":318}, 
 {"sales":5,"quan_in_stock":1}, 
 {"sales":16,"quan_in_stock":473}, 
 {"sales":18,"quan_in_stock":197}, 
 {"sales":9,"quan_in_stock":493}, 
 {"sales":17,"quan_in_stock":251}, 
 {"sales":2,"quan_in_stock":420}, 
 {"sales":12,"quan_in_stock":111}, 
 {"sales":6,"quan_in_stock":461}, 
 {"sales":16,"quan_in_stock":200}, 
 {"sales":11,"quan_in_stock":2}, 
 {"sales":7,"quan_in_stock":288}, 
 {"sales":10,"quan_in_stock":2}, 
 {"sales":12,"quan_in_stock":101}, 
 {"sales":7,"quan_in_stock":72}, 
 {"sales":14,"quan_in_stock":241}, 
 {"sales":5,"quan_in_stock":365}, 
 {"sales":11,"quan_in_stock":328}, 
 {"sales":11,"quan_in_stock":196}, 
 {"sales":34,"quan_in_stock":337}, 
 {"sales":21,"quan_in_stock":354}, 
 {"sales":14,"quan_in_stock":439}, 
 {"sales":8,"quan_in_stock":112}, 
 {"sales":14,"quan_in_stock":441}, 
 {"sales":10,"quan_in_stock":461}, 
 {"sales":9,"quan_in_stock":85}, 
 {"sales":18,"quan_in_stock":186}, 
 {"sales":3,"quan_in_stock":205}, 
 {"sales":19,"quan_in_stock":70}, 
 {"sales":8,"quan_in_stock":301}, 
 {"sales":15,"quan_in_stock":92}, 
 {"sales":7,"quan_in_stock":389}, 
 {"sales":6,"quan_in_stock":303}, 
 {"sales":21,"quan_in_stock":65}, 
 {"sales":9,"quan_in_stock":86}, 
 {"sales":7,"quan_in_stock":296}, 
 {"sales":12,"quan_in_stock":317}, 
 {"sales":12,"quan_in_stock":5}, 
 {"sales":13,"quan_in_stock":408}, 
 {"sales":9,"quan_in_stock":277}, 
 {"sales":10,"quan_in_stock":206}, 
 {"sales":1,"quan_in_stock":410}, 
 {"sales":23,"quan_in_stock":64}, 
 {"sales":14,"quan_in_stock":209}, 
 {"sales":10,"quan_in_stock":11}, 
 {"sales":12,"quan_in_stock":137}, 
 {"sales":12,"quan_in_stock":450}, 
 {"sales":26,"quan_in_stock":376}, 
 {"sales":16,"quan_in_stock":466}, 
 {"sales":8,"quan_in_stock":145}, 
 {"sales":15,"quan_in_stock":213}, 
 {"sales":19,"quan_in_stock":320}, 
 {"sales":21,"quan_in_stock":84}, 
 {"sales":14,"quan_in_stock":326}, 
 {"sales":7,"quan_in_stock":260}, 
 {"sales":17,"quan_in_stock":44}, 
 {"sales":9,"quan_in_stock":411}, 
 {"sales":10,"quan_in_stock":446}, 
 {"sales":13,"quan_in_stock":249}, 
 {"sales":9,"quan_in_stock":482}, 
 {"sales":24,"quan_in_stock":246}, 
 {"sales":7,"quan_in_stock":342}, 
 {"sales":8,"quan_in_stock":370}, 
 {"sales":20,"quan_in_stock":49}, 
 {"sales":8,"quan_in_stock":408}, 
 {"sales":7,"quan_in_stock":456}, 
 {"sales":16,"quan_in_stock":345}, 
 {"sales":11,"quan_in_stock":224}, 
 {"sales":5,"quan_in_stock":462}, 
 {"sales":11,"quan_in_stock":252}, 
 {"sales":12,"quan_in_stock":1}, 
 {"sales":8,"quan_in_stock":167}, 
 {"sales":9,"quan_in_stock":162}, 
 {"sales":8,"quan_in_stock":66}, 
 {"sales":14,"quan_in_stock":377}, 
 {"sales":13,"quan_in_stock":173}, 
 {"sales":29,"quan_in_stock":203}, 
 {"sales":23,"quan_in_stock":326}, 
 {"sales":19,"quan_in_stock":49}, 
 {"sales":9,"quan_in_stock":169}, 
 {"sales":19,"quan_in_stock":471}, 
 {"sales":10,"quan_in_stock":262}, 
 {"sales":11,"quan_in_stock":489}, 
 {"sales":13,"quan_in_stock":54}, 
 {"sales":14,"quan_in_stock":87}, 
 {"sales":13,"quan_in_stock":248}, 
 {"sales":10,"quan_in_stock":99}, 
 {"sales":11,"quan_in_stock":499}, 
 {"sales":10,"quan_in_stock":193}, 
 {"sales":12,"quan_in_stock":348}, 
 {"sales":16,"quan_in_stock":480}, 
 {"sales":6,"quan_in_stock":440}, 
 {"sales":10,"quan_in_stock":190}, 
 {"sales":21,"quan_in_stock":350}, 
 {"sales":9,"quan_in_stock":489}, 
 {"sales":6,"quan_in_stock":97}, 
 {"sales":11,"quan_in_stock":306}, 
 {"sales":8,"quan_in_stock":334}, 
 {"sales":15,"quan_in_stock":322}, 
 {"sales":20,"quan_in_stock":267}, 
 {"sales":6,"quan_in_stock":85}, 
 {"sales":17,"quan_in_stock":323}, 
 {"sales":14,"quan_in_stock":435}, 
 {"sales":12,"quan_in_stock":248}, 
 {"sales":8,"quan_in_stock":389}, 
 {"sales":21,"quan_in_stock":311}, 
 {"sales":16,"quan_in_stock":421}, 
 {"sales":12,"quan_in_stock":92}, 
 {"sales":14,"quan_in_stock":136}, 
 {"sales":14,"quan_in_stock":471}, 
 {"sales":6,"quan_in_stock":261}, 
 {"sales":8,"quan_in_stock":107}, 
 {"sales":10,"quan_in_stock":232}, 
 {"sales":13,"quan_in_stock":249}, 
 {"sales":15,"quan_in_stock":162}, 
 {"sales":6,"quan_in_stock":320}, 
 {"sales":12,"quan_in_stock":498}, 
 {"sales":12,"quan_in_stock":261}, 
 {"sales":12,"quan_in_stock":318}, 
 {"sales":10,"quan_in_stock":191}, 
 {"sales":14,"quan_in_stock":109}, 
 {"sales":15,"quan_in_stock":298}, 
 {"sales":6,"quan_in_stock":131}, 
 {"sales":18,"quan_in_stock":299}, 
 {"sales":11,"quan_in_stock":147}, 
 {"sales":11,"quan_in_stock":120}, 
 {"sales":12,"quan_in_stock":397}, 
 {"sales":11,"quan_in_stock":454}, 
 {"sales":13,"quan_in_stock":454}, 
 {"sales":12,"quan_in_stock":218}, 
 {"sales":8,"quan_in_stock":220}, 
 {"sales":13,"quan_in_stock":39}, 
 {"sales":11,"quan_in_stock":41}, 
 {"sales":13,"quan_in_stock":155}, 
 {"sales":2,"quan_in_stock":287}, 
 {"sales":5,"quan_in_stock":431}, 
 {"sales":15,"quan_in_stock":466}, 
 {"sales":15,"quan_in_stock":208}, 
 {"sales":15,"quan_in_stock":22}, 
 {"sales":13,"quan_in_stock":102}, 
 {"sales":2,"quan_in_stock":178}, 
 {"sales":10,"quan_in_stock":284}, 
 {"sales":9,"quan_in_stock":210}, 
 {"sales":15,"quan_in_stock":410}, 
 {"sales":7,"quan_in_stock":33}, 
 {"sales":5,"quan_in_stock":372}, 
 {"sales":3,"quan_in_stock":229}, 
 {"sales":11,"quan_in_stock":30}, 
 {"sales":15,"quan_in_stock":133}, 
 {"sales":18,"quan_in_stock":47}, 
 {"sales":12,"quan_in_stock":221}, 
 {"sales":8,"quan_in_stock":242}, 
 {"sales":11,"quan_in_stock":346}, 
 {"sales":14,"quan_in_stock":352}, 
 {"sales":12,"quan_in_stock":41}, 
 {"sales":4,"quan_in_stock":494}, 
 {"sales":7,"quan_in_stock":472}, 
 {"sales":9,"quan_in_stock":439}, 
 {"sales":8,"quan_in_stock":447}, 
 {"sales":16,"quan_in_stock":426}, 
 {"sales":18,"quan_in_stock":157}, 
 {"sales":11,"quan_in_stock":167}, 
 {"sales":13,"quan_in_stock":465}, 
 {"sales":9,"quan_in_stock":198}, 
 {"sales":15,"quan_in_stock":322}, 
 {"sales":9,"quan_in_stock":251}, 
 {"sales":3,"quan_in_stock":128}, 
 {"sales":13,"quan_in_stock":288}, 
 {"sales":11,"quan_in_stock":459}, 
 {"sales":19,"quan_in_stock":151}, 
 {"sales":13,"quan_in_stock":391}, 
 {"sales":16,"quan_in_stock":136}, 
 {"sales":11,"quan_in_stock":435}, 
 {"sales":12,"quan_in_stock":100}, 
 {"sales":11,"quan_in_stock":46}, 
 {"sales":8,"quan_in_stock":468}, 
 {"sales":7,"quan_in_stock":473}, 
 {"sales":17,"quan_in_stock":275}, 
 {"sales":4,"quan_in_stock":498}, 
 {"sales":9,"quan_in_stock":105}, 
 {"sales":8,"quan_in_stock":323}, 
 {"sales":14,"quan_in_stock":219}, 
 {"sales":14,"quan_in_stock":348}, 
 {"sales":14,"quan_in_stock":169}, 
 {"sales":13,"quan_in_stock":71}, 
 {"sales":10,"quan_in_stock":390}, 
 {"sales":3,"quan_in_stock":162}, 
 {"sales":13,"quan_in_stock":43}, 
 {"sales":22,"quan_in_stock":329}, 
 {"sales":16,"quan_in_stock":109}, 
 {"sales":16,"quan_in_stock":469}, 
 {"sales":11,"quan_in_stock":486}, 
 {"sales":12,"quan_in_stock":276}, 
 {"sales":10,"quan_in_stock":434}, 
 {"sales":5,"quan_in_stock":184}, 
 {"sales":11,"quan_in_stock":97}, 
 {"sales":11,"quan_in_stock":184}, 
 {"sales":14,"quan_in_stock":312}, 
 {"sales":7,"quan_in_stock":386}, 
 {"sales":19,"quan_in_stock":143}, 
 {"sales":9,"quan_in_stock":464}, 
 {"sales":18,"quan_in_stock":276}, 
 {"sales":16,"quan_in_stock":279}, 
 {"sales":10,"quan_in_stock":398}, 
 {"sales":4,"quan_in_stock":377}, 
 {"sales":7,"quan_in_stock":325}, 
 {"sales":2,"quan_in_stock":366}, 
 {"sales":13,"quan_in_stock":349}, 
 {"sales":10,"quan_in_stock":100}, 
 {"sales":9,"quan_in_stock":364}, 
 {"sales":15,"quan_in_stock":455}, 
 {"sales":9,"quan_in_stock":424}, 
 {"sales":16,"quan_in_stock":83}, 
 {"sales":15,"quan_in_stock":303}, 
 {"sales":7,"quan_in_stock":92}, 
 {"sales":10,"quan_in_stock":154}, 
 {"sales":11,"quan_in_stock":192}, 
 {"sales":11,"quan_in_stock":255}, 
 {"sales":5,"quan_in_stock":198}, 
 {"sales":8,"quan_in_stock":20}, 
 {"sales":17,"quan_in_stock":364}, 
 {"sales":15,"quan_in_stock":167}, 
 {"sales":15,"quan_in_stock":6}, 
 {"sales":6,"quan_in_stock":139}, 
 {"sales":7,"quan_in_stock":100}, 
 {"sales":8,"quan_in_stock":190}, 
 {"sales":14,"quan_in_stock":237}, 
 {"sales":10,"quan_in_stock":285}, 
 {"sales":8,"quan_in_stock":2}, 
 {"sales":8,"quan_in_stock":123}, 
 {"sales":10,"quan_in_stock":428}, 
 {"sales":15,"quan_in_stock":466}, 
 {"sales":9,"quan_in_stock":400}, 
 {"sales":5,"quan_in_stock":207}, 
 {"sales":25,"quan_in_stock":364}, 
 {"sales":6,"quan_in_stock":276}, 
 {"sales":5,"quan_in_stock":32}, 
 {"sales":11,"quan_in_stock":229}, 
 {"sales":21,"quan_in_stock":125}, 
 {"sales":11,"quan_in_stock":133}, 
 {"sales":4,"quan_in_stock":92}, 
 {"sales":10,"quan_in_stock":79}, 
 {"sales":11,"quan_in_stock":56}, 
 {"sales":10,"quan_in_stock":175}, 
 {"sales":4,"quan_in_stock":382}, 
 {"sales":12,"quan_in_stock":149}, 
 {"sales":21,"quan_in_stock":330}, 
 {"sales":8,"quan_in_stock":74}, 
 {"sales":10,"quan_in_stock":405}, 
 {"sales":7,"quan_in_stock":28}, 
 {"sales":10,"quan_in_stock":95}, 
 {"sales":7,"quan_in_stock":268}, 
 {"sales":7,"quan_in_stock":195}, 
 {"sales":5,"quan_in_stock":101}, 
 {"sales":12,"quan_in_stock":408}, 
 {"sales":15,"quan_in_stock":296}, 
 {"sales":8,"quan_in_stock":291}, 
 {"sales":12,"quan_in_stock":145}, 
 {"sales":23,"quan_in_stock":80}, 
 {"sales":13,"quan_in_stock":294}, 
 {"sales":12,"quan_in_stock":268}, 
 {"sales":5,"quan_in_stock":8}, 
 {"sales":16,"quan_in_stock":259}, 
 {"sales":12,"quan_in_stock":168}, 
 {"sales":12,"quan_in_stock":215}, 
 {"sales":8,"quan_in_stock":123}, 
 {"sales":12,"quan_in_stock":444}, 
 {"sales":8,"quan_in_stock":248}, 
 {"sales":20,"quan_in_stock":352}, 
 {"sales":9,"quan_in_stock":69}, 
 {"sales":17,"quan_in_stock":381}, 
 {"sales":12,"quan_in_stock":445}, 
 {"sales":4,"quan_in_stock":148}, 
 {"sales":14,"quan_in_stock":438}, 
 {"sales":22,"quan_in_stock":120}, 
 {"sales":2,"quan_in_stock":30}, 
 {"sales":8,"quan_in_stock":86}, 
 {"sales":9,"quan_in_stock":451}, 
 {"sales":9,"quan_in_stock":104}, 
 {"sales":13,"quan_in_stock":491}, 
 {"sales":19,"quan_in_stock":479}, 
 {"sales":11,"quan_in_stock":199}, 
 {"sales":9,"quan_in_stock":259}, 
 {"sales":6,"quan_in_stock":174}, 
 {"sales":14,"quan_in_stock":301}, 
 {"sales":9,"quan_in_stock":167}, 
 {"sales":9,"quan_in_stock":470}, 
 {"sales":16,"quan_in_stock":91}, 
 {"sales":13,"quan_in_stock":312}, 
 {"sales":8,"quan_in_stock":50}, 
 {"sales":7,"quan_in_stock":386}, 
 {"sales":2,"quan_in_stock":80}, 
 {"sales":11,"quan_in_stock":58}, 
 {"sales":13,"quan_in_stock":144}, 
 {"sales":14,"quan_in_stock":248}, 
 {"sales":0,"quan_in_stock":274}, 
 {"sales":7,"quan_in_stock":267}, 
 {"sales":9,"quan_in_stock":192}, 
 {"sales":9,"quan_in_stock":21}, 
 {"sales":21,"quan_in_stock":119}, 
 {"sales":16,"quan_in_stock":261}, 
 {"sales":11,"quan_in_stock":402}, 
 {"sales":4,"quan_in_stock":64}, 
 {"sales":9,"quan_in_stock":410}, 
 {"sales":12,"quan_in_stock":339}, 
 {"sales":15,"quan_in_stock":184}, 
 {"sales":4,"quan_in_stock":440}, 
 {"sales":6,"quan_in_stock":426}, 
 {"sales":5,"quan_in_stock":135}, 
[...]
 {'quan_in_stock': 113, 'sales': 9},
 {'quan_in_stock': 425, 'sales': 4},
 {'quan_in_stock': 112, 'sales': 28},
 {'quan_in_stock': 34, 'sales': 6},
 {'quan_in_stock': 164, 'sales': 10},
 {'quan_in_stock': 113, 'sales': 14},
 {'quan_in_stock': 155, 'sales': 15},
 {'quan_in_stock': 125, 'sales': 4},
 {'quan_in_stock': 462, 'sales': 11},
 {'quan_in_stock': 206, 'sales': 13},
 {'quan_in_stock': 298, 'sales': 10},
 {'quan_in_stock': 462, 'sales': 5},
 {'quan_in_stock': 166, 'sales': 14},
 {'quan_in_stock': 188, 'sales': 7},
 {'quan_in_stock': 78, 'sales': 8},
 {'quan_in_stock': 56, 'sales': 14},
 {'quan_in_stock': 13, 'sales': 13},
 {'quan_in_stock': 195, 'sales': 14},
 {'quan_in_stock': 416, 'sales': 8},
 {'quan_in_stock': 364, 'sales': 27},
 {'quan_in_stock': 252, 'sales': 11},
 {'quan_in_stock': 2, 'sales': 18},
 {'quan_in_stock': 138, 'sales': 10},
 {'quan_in_stock': 123, 'sales': 16},
 {'quan_in_stock': 100, 'sales': 8},
 {'quan_in_stock': 2, 'sales': 13},
 {'quan_in_stock': 327, 'sales': 13},
 {'quan_in_stock': 198, 'sales': 13},
 {'quan_in_stock': 267, 'sales': 16},
 {'quan_in_stock': 352, 'sales': 3},
 {'quan_in_stock': 444, 'sales': 13},
 {'quan_in_stock': 3800, 'sales': 9}]</msg>
<msg timestamp="20220620 18:08:17.638" level="INFO">${resp_2} = [{'sales': 9, 'quan_in_stock': 138}, {'sales': 19, 'quan_in_stock': 118}, {'sales': 11, 'quan_in_stock': 228}, {'sales': 12, 'quan_in_stock': 279}, {'sales': 13, 'quan_in_stock': 382}, {'sales': 14, '...</msg>
<status status="PASS" starttime="20220620 18:08:17.489" endtime="20220620 18:08:17.638"/>
</kw>
<msg timestamp="20220620 18:08:17.639" level="TRACE">Return: None</msg>
<status status="PASS" starttime="20220620 18:08:17.469" endtime="20220620 18:08:17.639"/>
</kw>
<doc>Проверка корректности поиска данных из таблицы categories и inventory.</doc>
<tag>get</tag>
<tag>request</tag>
<tag>search</tag>
<timeout value="2 seconds"/>
<status status="PASS" starttime="20220620 18:08:17.468" endtime="20220620 18:08:17.639"/>
</test>
<test id="s1-s1-s1-t2" name="Check data changes in a table" line="18">
<kw name="Post Category and Category Name From PostgRest" library="GET_POST_Requests">
<var>${category}</var>
<var>${name}</var>
<arg>${table_db}</arg>
<arg>${body}</arg>
<arg>${headers}</arg>
<doc>Добавления данных в таблицу Categories через REST запрос.</doc>
<msg timestamp="20220620 18:08:17.640" level="TRACE">Arguments: [ ${table_db}='categories' | ${body}={'category': 17, 'categoryname': 'Serial'} | ${headers}={'Content-Type': 'application/json'} ]</msg>
<kw name="Post Data Categories" library="pCat">
<var>${resp}</var>
<arg>alias</arg>
<arg>${body}</arg>
<arg>${headers}</arg>
<arg>201</arg>
<msg timestamp="20220620 18:08:17.641" level="TRACE">Arguments: [ 'alias' | {'category': 17, 'categoryname': 'Serial'} | {'Content-Type': 'application/json'} | '201' ]</msg>
<msg timestamp="20220620 18:08:17.641" level="DEBUG">Test timeout 2 seconds active. 1.998 seconds left.</msg>
<msg timestamp="20220620 18:08:17.647" level="DEBUG">http://localhost:3000 "POST /categories HTTP/1.1" 201 None</msg>
<msg timestamp="20220620 18:08:17.648" level="INFO">POST Request : url=http://localhost:3000/categories 
 path_url=/categories 
 headers={'User-Agent': 'python-requests/2.26.0', 'Accept-Encoding': 'gzip, deflate', 'Accept': '*/*', 'Connection': 'keep-alive', 'Content-Type': 'application/json', 'Content-Length': '42'} 
 body=b'{"category": 17, "categoryname": "Serial"}' 
 </msg>
<msg timestamp="20220620 18:08:17.648" level="INFO">POST Response : url=http://localhost:3000/categories 
 status=201, reason=Created 
 headers={'Transfer-Encoding': 'chunked', 'Date': 'Mon, 20 Jun 2022 15:08:17 GMT', 'Server': 'postgrest/9.0.0', 'Content-Range': '*/*'} 
 body=None 
 </msg>
<msg timestamp="20220620 18:08:17.648" level="TRACE">Return: None</msg>
<msg timestamp="20220620 18:08:17.649" level="INFO">${resp} = None</msg>
<status status="PASS" starttime="20220620 18:08:17.641" endtime="20220620 18:08:17.649"/>
</kw>
<kw name="Get Data Categories From Rest" library="gCat">
<var>${category}</var>
<var>${name}</var>
<arg>alias</arg>
<arg>${params_1}</arg>
<arg>200</arg>
<msg timestamp="20220620 18:08:17.649" level="TRACE">Arguments: [ 'alias' | 'select=category,categoryname' | '200' ]</msg>
<msg timestamp="20220620 18:08:17.649" level="DEBUG">Test timeout 2 seconds active. 1.99 seconds left.</msg>
<msg timestamp="20220620 18:08:17.655" level="DEBUG">http://localhost:3000 "GET /categories?select=category,categoryname HTTP/1.1" 200 None</msg>
<msg timestamp="20220620 18:08:17.655" level="INFO">GET Request : url=http://localhost:3000/categories?select=category,categoryname 
 path_url=/categories?select=category,categoryname 
 headers={'User-Agent': 'python-requests/2.26.0', 'Accept-Encoding': 'gzip, deflate', 'Accept': '*/*', 'Connection': 'keep-alive'} 
 body=None 
 </msg>
<msg timestamp="20220620 18:08:17.655" level="INFO">GET Response : url=http://localhost:3000/categories?select=category,categoryname 
 status=200, reason=OK 
 headers={'Transfer-Encoding': 'chunked', 'Date': 'Mon, 20 Jun 2022 15:08:17 GMT', 'Server': 'postgrest/9.0.0', 'Content-Range': '0-16/*', 'Content-Location': '/categories?select=category%2Ccategoryname', 'Content-Type': 'application/json; charset=utf-8'} 
 body=[{"category":1,"categoryname":"Action"}, 
 {"category":2,"categoryname":"Animation"}, 
 {"category":3,"categoryname":"Children"}, 
 {"category":4,"categoryname":"Classics"}, 
 {"category":5,"categoryname":"Comedy"}, 
 {"category":6,"categoryname":"Documentary"}, 
 {"category":7,"categoryname":"Drama"}, 
 {"category":8,"categoryname":"Family"}, 
 {"category":9,"categoryname":"Foreign"}, 
 {"category":10,"categoryname":"Games"}, 
 {"category":11,"categoryname":"Horror"}, 
 {"category":12,"categoryname":"Music"}, 
 {"category":13,"categoryname":"New"}, 
 {"category":14,"categoryname":"Sci-Fi"}, 
 {"category":15,"categoryname":"Sports"}, 
 {"category":16,"categoryname":"Travel"}, 
 {"category":17,"categoryname":"Serial"}] 
 </msg>
<msg timestamp="20220620 18:08:17.717" level="TRACE">Return: ([1, 2, 3, 4, 5, 6, 7, 8, 9, 10, 11, 12, 13, 14, 15, 16, 17],
 ['Action',
  'Animation',
  'Children',
  'Classics',
  'Comedy',
  'Documentary',
  'Drama',
  'Family',
  'Foreign',
  'Games',
  'Horror',
  'Music',
  'New',
  'Sci-Fi',
  'Sports',
  'Travel',
  'Serial'])</msg>
<msg timestamp="20220620 18:08:17.718" level="INFO">${category} = [1, 2, 3, 4, 5, 6, 7, 8, 9, 10, 11, 12, 13, 14, 15, 16, 17]</msg>
<msg timestamp="20220620 18:08:17.718" level="INFO">${name} = ['Action', 'Animation', 'Children', 'Classics', 'Comedy', 'Documentary', 'Drama', 'Family', 'Foreign', 'Games', 'Horror', 'Music', 'New', 'Sci-Fi', 'Sports', 'Travel', 'Serial']</msg>
<status status="PASS" starttime="20220620 18:08:17.649" endtime="20220620 18:08:17.718"/>
</kw>
<msg timestamp="20220620 18:08:17.718" level="TRACE">Return: [[1, 2, 3, 4, 5, 6, 7, 8, 9, 10, 11, 12, 13, 14, 15, 16, 17],
 ['Action',
  'Animation',
  'Children',
  'Classics',
  'Comedy',
  'Documentary',
  'Drama',
  'Family',
  'Foreign',
  'Games',
  'Horror',
  'Music',
  'New',
  'Sci-Fi',
  'Sports',
  'Travel',
  'Serial']]</msg>
<msg timestamp="20220620 18:08:17.719" level="INFO">${category} = [1, 2, 3, 4, 5, 6, 7, 8, 9, 10, 11, 12, 13, 14, 15, 16, 17]</msg>
<msg timestamp="20220620 18:08:17.719" level="INFO">${name} = ['Action', 'Animation', 'Children', 'Classics', 'Comedy', 'Documentary', 'Drama', 'Family', 'Foreign', 'Games', 'Horror', 'Music', 'New', 'Sci-Fi', 'Sports', 'Travel', 'Serial']</msg>
<status status="PASS" starttime="20220620 18:08:17.640" endtime="20220620 18:08:17.719"/>
</kw>
<kw name="Get Category and Category Name From DB" library="GET_POST_Requests">
<var>@{result}</var>
<doc>Поиск по таблице Categories через SQL-запрос.</doc>
<msg timestamp="20220620 18:08:17.719" level="TRACE">Arguments: [  ]</msg>
<kw name="Get Category By Name And Category" library="gCat">
<var>${result}</var>
<msg timestamp="20220620 18:08:17.719" level="TRACE">Arguments: [  ]</msg>
<msg timestamp="20220620 18:08:17.719" level="DEBUG">Test timeout 2 seconds active. 1.92 seconds left.</msg>
<msg timestamp="20220620 18:08:17.720" level="INFO" html="true">&lt;details&gt;&lt;summary&gt;Running PL/PGSQL statement&lt;/summary&gt;&lt;p&gt;SELECT category, categoryname
              from bootcamp.categories&lt;/p&gt;&lt;/details&gt;</msg>
<msg timestamp="20220620 18:08:17.721" level="INFO" html="true">&lt;details&gt;&lt;summary&gt;SQL Query Result&lt;/summary&gt;&lt;p&gt;[{&amp;#x27;category&amp;#x27;: 1, &amp;#x27;categoryname&amp;#x27;: &amp;#x27;Action&amp;#x27;}, {&amp;#x27;category&amp;#x27;: 2, &amp;#x27;categoryname&amp;#x27;: &amp;#x27;Animation&amp;#x27;}, {&amp;#x27;category&amp;#x27;: 3, &amp;#x27;categoryname&amp;#x27;: &amp;#x27;Children&amp;#x27;}, {&amp;#x27;category&amp;#x27;: 4, &amp;#x27;categoryname&amp;#x27;: &amp;#x27;Classics&amp;#x27;}, {&amp;#x27;category&amp;#x27;: 5, &amp;#x27;categoryname&amp;#x27;: &amp;#x27;Comedy&amp;#x27;}, {&amp;#x27;category&amp;#x27;: 6, &amp;#x27;categoryname&amp;#x27;: &amp;#x27;Documentary&amp;#x27;}, {&amp;#x27;category&amp;#x27;: 7, &amp;#x27;categoryname&amp;#x27;: &amp;#x27;Drama&amp;#x27;}, {&amp;#x27;category&amp;#x27;: 8, &amp;#x27;categoryname&amp;#x27;: &amp;#x27;Family&amp;#x27;}, {&amp;#x27;category&amp;#x27;: 9, &amp;#x27;categoryname&amp;#x27;: &amp;#x27;Foreign&amp;#x27;}, {&amp;#x27;category&amp;#x27;: 10, &amp;#x27;categoryname&amp;#x27;: &amp;#x27;Games&amp;#x27;}]&lt;/p&gt;&lt;/details&gt;</msg>
<msg timestamp="20220620 18:08:17.722" level="TRACE">Return: [{'category': 1, 'categoryname': 'Action'},
 {'category': 2, 'categoryname': 'Animation'},
 {'category': 3, 'categoryname': 'Children'},
 {'category': 4, 'categoryname': 'Classics'},
 {'category': 5, 'categoryname': 'Comedy'},
 {'category': 6, 'categoryname': 'Documentary'},
 {'category': 7, 'categoryname': 'Drama'},
 {'category': 8, 'categoryname': 'Family'},
 {'category': 9, 'categoryname': 'Foreign'},
 {'category': 10, 'categoryname': 'Games'},
 {'category': 11, 'categoryname': 'Horror'},
 {'category': 12, 'categoryname': 'Music'},
 {'category': 13, 'categoryname': 'New'},
 {'category': 14, 'categoryname': 'Sci-Fi'},
 {'category': 15, 'categoryname': 'Sports'},
 {'category': 16, 'categoryname': 'Travel'},
 {'category': 17, 'categoryname': 'Serial'}]</msg>
<msg timestamp="20220620 18:08:17.722" level="INFO">${result} = [{'category': 1, 'categoryname': 'Action'}, {'category': 2, 'categoryname': 'Animation'}, {'category': 3, 'categoryname': 'Children'}, {'category': 4, 'categoryname': 'Classics'}, {'category': 5, 'cat...</msg>
<status status="PASS" starttime="20220620 18:08:17.719" endtime="20220620 18:08:17.722"/>
</kw>
<msg timestamp="20220620 18:08:17.723" level="TRACE">Return: [{'category': 1, 'categoryname': 'Action'},
 {'category': 2, 'categoryname': 'Animation'},
 {'category': 3, 'categoryname': 'Children'},
 {'category': 4, 'categoryname': 'Classics'},
 {'category': 5, 'categoryname': 'Comedy'},
 {'category': 6, 'categoryname': 'Documentary'},
 {'category': 7, 'categoryname': 'Drama'},
 {'category': 8, 'categoryname': 'Family'},
 {'category': 9, 'categoryname': 'Foreign'},
 {'category': 10, 'categoryname': 'Games'},
 {'category': 11, 'categoryname': 'Horror'},
 {'category': 12, 'categoryname': 'Music'},
 {'category': 13, 'categoryname': 'New'},
 {'category': 14, 'categoryname': 'Sci-Fi'},
 {'category': 15, 'categoryname': 'Sports'},
 {'category': 16, 'categoryname': 'Travel'},
 {'category': 17, 'categoryname': 'Serial'}]</msg>
<msg timestamp="20220620 18:08:17.723" level="INFO">@{result} = [ {'category': 1, 'categoryname': 'Action'} | {'category': 2, 'categoryname': 'Animation'} | {'category': 3, 'categoryname': 'Children'} | {'category': 4, 'categoryname': 'Classics'} | {'category': 5,...</msg>
<status status="PASS" starttime="20220620 18:08:17.719" endtime="20220620 18:08:17.723"/>
</kw>
<kw name="Compare results" library="GET_POST_Requests">
<arg>${result}</arg>
<arg>${name}</arg>
<arg>${category}</arg>
<doc>Сравнение результата PostRest запроса с SQL-запросом.</doc>
<msg timestamp="20220620 18:08:17.724" level="TRACE">Arguments: [ ${result_from_db}=[{'category': 1, 'categoryname': 'Action'},
 {'category': 2, 'categoryname': 'Animation'},
 {'category': 3, 'categoryname': 'Children'},
 {'category': 4, 'categoryname': 'Classics'},
 {'category': 5, 'categoryname': 'Comedy'},
 {'category': 6, 'categoryname': 'Documentary'},
 {'category': 7, 'categoryname': 'Drama'},
 {'category': 8, 'categoryname': 'Family'},
 {'category': 9, 'categoryname': 'Foreign'},
 {'category': 10, 'categoryname': 'Games'},
 {'category': 11, 'categoryname': 'Horror'},
 {'category': 12, 'categoryname': 'Music'},
 {'category': 13, 'categoryname': 'New'},
 {'category': 14, 'categoryname': 'Sci-Fi'},
 {'category': 15, 'categoryname': 'Sports'},
 {'category': 16, 'categoryname': 'Travel'},
 {'category': 17, 'categoryname': 'Serial'}] | ${name}=['Action',
 'Animation',
 'Children',
 'Classics',
 'Comedy',
 'Documentary',
 'Drama',
 'Family',
 'Foreign',
 'Games',
 'Horror',
 'Music',
 'New',
 'Sci-Fi',
 'Sports',
 'Travel',
 'Serial'] | ${category}=[1, 2, 3, 4, 5, 6, 7, 8, 9, 10, 11, 12, 13, 14, 15, 16, 17] ]</msg>
<kw name="Get Categories And Names" library="gCat">
<var>${category_db}</var>
<var>${name_db}</var>
<arg>${result_from_db}</arg>
<msg timestamp="20220620 18:08:17.724" level="TRACE">Arguments: [ [{'category': 1, 'categoryname': 'Action'},
 {'category': 2, 'categoryname': 'Animation'},
 {'category': 3, 'categoryname': 'Children'},
 {'category': 4, 'categoryname': 'Classics'},
 {'category': 5, 'categoryname': 'Comedy'},
 {'category': 6, 'categoryname': 'Documentary'},
 {'category': 7, 'categoryname': 'Drama'},
 {'category': 8, 'categoryname': 'Family'},
 {'category': 9, 'categoryname': 'Foreign'},
 {'category': 10, 'categoryname': 'Games'},
 {'category': 11, 'categoryname': 'Horror'},
 {'category': 12, 'categoryname': 'Music'},
 {'category': 13, 'categoryname': 'New'},
 {'category': 14, 'categoryname': 'Sci-Fi'},
 {'category': 15, 'categoryname': 'Sports'},
 {'category': 16, 'categoryname': 'Travel'},
 {'category': 17, 'categoryname': 'Serial'}] ]</msg>
<msg timestamp="20220620 18:08:17.725" level="DEBUG">Test timeout 2 seconds active. 1.914 seconds left.</msg>
<msg timestamp="20220620 18:08:17.725" level="TRACE">Return: ([1, 2, 3, 4, 5, 6, 7, 8, 9, 10, 11, 12, 13, 14, 15, 16, 17],
 ['Action',
  'Animation',
  'Children',
  'Classics',
  'Comedy',
  'Documentary',
  'Drama',
  'Family',
  'Foreign',
  'Games',
  'Horror',
  'Music',
  'New',
  'Sci-Fi',
  'Sports',
  'Travel',
  'Serial'])</msg>
<msg timestamp="20220620 18:08:17.725" level="INFO">${category_db} = [1, 2, 3, 4, 5, 6, 7, 8, 9, 10, 11, 12, 13, 14, 15, 16, 17]</msg>
<msg timestamp="20220620 18:08:17.725" level="INFO">${name_db} = ['Action', 'Animation', 'Children', 'Classics', 'Comedy', 'Documentary', 'Drama', 'Family', 'Foreign', 'Games', 'Horror', 'Music', 'New', 'Sci-Fi', 'Sports', 'Travel', 'Serial']</msg>
<status status="PASS" starttime="20220620 18:08:17.724" endtime="20220620 18:08:17.725"/>
</kw>
<kw name="Lists Should Be Equal" library="Col">
<arg>${category}</arg>
<arg>${category_db}</arg>
<doc>Fails if given lists are unequal.</doc>
<msg timestamp="20220620 18:08:17.726" level="TRACE">Arguments: [ [1, 2, 3, 4, 5, 6, 7, 8, 9, 10, 11, 12, 13, 14, 15, 16, 17] | [1, 2, 3, 4, 5, 6, 7, 8, 9, 10, 11, 12, 13, 14, 15, 16, 17] ]</msg>
<msg timestamp="20220620 18:08:17.726" level="DEBUG">Test timeout 2 seconds active. 1.913 seconds left.</msg>
<msg timestamp="20220620 18:08:17.726" level="TRACE">Return: None</msg>
<status status="PASS" starttime="20220620 18:08:17.725" endtime="20220620 18:08:17.726"/>
</kw>
<kw name="Lists Should Be Equal" library="Col">
<arg>${name}</arg>
<arg>${name_db}</arg>
<doc>Fails if given lists are unequal.</doc>
<msg timestamp="20220620 18:08:17.726" level="TRACE">Arguments: [ ['Action',
 'Animation',
 'Children',
 'Classics',
 'Comedy',
 'Documentary',
 'Drama',
 'Family',
 'Foreign',
 'Games',
 'Horror',
 'Music',
 'New',
 'Sci-Fi',
 'Sports',
 'Travel',
 'Serial'] | ['Action',
 'Animation',
 'Children',
 'Classics',
 'Comedy',
 'Documentary',
 'Drama',
 'Family',
 'Foreign',
 'Games',
 'Horror',
 'Music',
 'New',
 'Sci-Fi',
 'Sports',
 'Travel',
 'Serial'] ]</msg>
<msg timestamp="20220620 18:08:17.726" level="DEBUG">Test timeout 2 seconds active. 1.913 seconds left.</msg>
<msg timestamp="20220620 18:08:17.726" level="TRACE">Return: None</msg>
<status status="PASS" starttime="20220620 18:08:17.726" endtime="20220620 18:08:17.726"/>
</kw>
<msg timestamp="20220620 18:08:17.726" level="TRACE">Return: None</msg>
<status status="PASS" starttime="20220620 18:08:17.724" endtime="20220620 18:08:17.726"/>
</kw>
<doc>Проверка добавленных данных в таблицу Categories через REST запрос путём сверки с DB.</doc>
<tag>add data</tag>
<tag>post</tag>
<tag>request</tag>
<timeout value="2 seconds"/>
<status status="PASS" starttime="20220620 18:08:17.639" endtime="20220620 18:08:17.727"/>
</test>
<kw name="Test Teardown" library="Connection" type="TEARDOWN">
<doc>Завершение сессии PostgRest и отключение от PostgreSQL.</doc>
<msg timestamp="20220620 18:08:17.727" level="TRACE">Arguments: [  ]</msg>
<kw name="Delete All Sessions" library="Req">
<doc>Removes all the session objects</doc>
<msg timestamp="20220620 18:08:17.727" level="TRACE">Arguments: [  ]</msg>
<msg timestamp="20220620 18:08:17.727" level="INFO">Deleting All Sessions</msg>
<msg timestamp="20220620 18:08:17.727" level="TRACE">Return: None</msg>
<status status="PASS" starttime="20220620 18:08:17.727" endtime="20220620 18:08:17.727"/>
</kw>
<kw name="Disconnect From Postgresql" library="DB">
<doc>Close active PostgreSQL connection.
You will have to manually open or switch to a new connection.
Due to how ConnectionCache works, connection's index and alias are not removed from cache, so you are able to switch to
closed connection, if it was closed with Disconnect from Postgresql. It will still remain closed though.</doc>
<msg timestamp="20220620 18:08:17.728" level="TRACE">Arguments: [  ]</msg>
<msg timestamp="20220620 18:08:17.728" level="TRACE">Return: None</msg>
<status status="PASS" starttime="20220620 18:08:17.728" endtime="20220620 18:08:17.728"/>
</kw>
<msg timestamp="20220620 18:08:17.728" level="TRACE">Return: None</msg>
<status status="PASS" starttime="20220620 18:08:17.727" endtime="20220620 18:08:17.728"/>
</kw>
<doc>Сьют позитивных тестов для проверки работы REST запросов методами GET и POST.</doc>
<meta name="Автор">Дауберт Максим</meta>
<status status="PASS" starttime="20220620 18:08:17.194" endtime="20220620 18:08:17.728"/>
</suite>
<status status="PASS" starttime="20220620 18:08:17.192" endtime="20220620 18:08:17.729"/>
</suite>
<status status="PASS" starttime="20220620 18:08:17.168" endtime="20220620 18:08:17.730"/>
</suite>
<statistics>
<total>
<stat pass="2" fail="0" skip="0">All Tests</stat>
</total>
<tag>
<stat pass="1" fail="0" skip="0">add data</stat>
<stat pass="1" fail="0" skip="0">get</stat>
<stat pass="1" fail="0" skip="0">post</stat>
<stat pass="2" fail="0" skip="0">request</stat>
<stat pass="1" fail="0" skip="0">search</stat>
</tag>
<suite>
<stat pass="2" fail="0" skip="0" id="s1" name="RF3">RF3</stat>
<stat pass="2" fail="0" skip="0" id="s1-s1" name="Tests">RF3.Tests</stat>
<stat pass="2" fail="0" skip="0" id="s1-s1-s1" name="TC001 API Requests">RF3.Tests.TC001 API Requests</stat>
</suite>
</statistics>
<errors>
</errors>
</robot>
